{"/home/travis/build/npmtest/node-npmtest-epub/test.js":{"path":"/home/travis/build/npmtest/node-npmtest-epub/test.js","s":{"1":2,"2":2,"3":2,"4":2,"5":2,"6":2,"7":2,"8":1,"9":2,"10":2,"11":1,"12":1,"13":1,"14":1,"15":2,"16":2,"17":2,"18":2,"19":1,"20":1,"21":2,"22":2,"23":2,"24":1,"25":1,"26":1,"27":1,"28":1,"29":1,"30":1,"31":1,"32":1,"33":1,"34":1,"35":1,"36":1,"37":1,"38":1,"39":2,"40":2,"41":1,"42":2,"43":2,"44":1,"45":2,"46":2,"47":1,"48":2,"49":2,"50":1,"51":1,"52":1,"53":1,"54":1},"b":{"1":[2,1,1,1],"2":[1,1,1,1],"3":[1,1],"4":[1,1],"5":[1,1],"6":[1,1],"7":[1,1],"8":[1,1],"9":[1,1],"10":[1,1,1],"11":[1,1],"12":[1,1],"13":[1,1],"14":[1,1],"15":[1,1],"16":[1,1],"17":[1,1]},"f":{"1":2,"2":2,"3":2,"4":2,"5":2,"6":1,"7":1,"8":1,"9":2,"10":2,"11":2,"12":2,"13":1},"fnMap":{"1":{"name":"(anonymous_1)","line":12,"loc":{"start":{"line":12,"column":1},"end":{"line":12,"column":13}}},"2":{"name":"(anonymous_2)","line":19,"loc":{"start":{"line":19,"column":5},"end":{"line":19,"column":17}}},"3":{"name":"(anonymous_3)","line":23,"loc":{"start":{"line":23,"column":24},"end":{"line":23,"column":36}}},"4":{"name":"(anonymous_4)","line":61,"loc":{"start":{"line":61,"column":5},"end":{"line":61,"column":17}}},"5":{"name":"(anonymous_5)","line":82,"loc":{"start":{"line":82,"column":5},"end":{"line":82,"column":17}}},"6":{"name":"(anonymous_6)","line":91,"loc":{"start":{"line":91,"column":77},"end":{"line":94,"column":10}}},"7":{"name":"(anonymous_7)","line":112,"loc":{"start":{"line":112,"column":83},"end":{"line":115,"column":10}},"skip":true},"8":{"name":"(anonymous_8)","line":123,"loc":{"start":{"line":123,"column":77},"end":{"line":126,"column":10}},"skip":true},"9":{"name":"(anonymous_9)","line":139,"loc":{"start":{"line":139,"column":12},"end":{"line":139,"column":40}},"skip":true},"10":{"name":"(anonymous_10)","line":147,"loc":{"start":{"line":147,"column":77},"end":{"line":150,"column":10}},"skip":true},"11":{"name":"(anonymous_11)","line":158,"loc":{"start":{"line":158,"column":83},"end":{"line":161,"column":10}},"skip":true},"12":{"name":"(anonymous_12)","line":169,"loc":{"start":{"line":169,"column":79},"end":{"line":172,"column":10}},"skip":true},"13":{"name":"(anonymous_13)","line":180,"loc":{"start":{"line":180,"column":75},"end":{"line":183,"column":10}},"skip":true}},"statementMap":{"1":{"start":{"line":12,"column":0},"end":{"line":195,"column":5}},"2":{"start":{"line":14,"column":4},"end":{"line":14,"column":14}},"3":{"start":{"line":19,"column":4},"end":{"line":56,"column":9}},"4":{"start":{"line":21,"column":8},"end":{"line":21,"column":19}},"5":{"start":{"line":23,"column":8},"end":{"line":35,"column":13}},"6":{"start":{"line":24,"column":12},"end":{"line":34,"column":13}},"7":{"start":{"line":25,"column":16},"end":{"line":28,"column":30}},"8":{"start":{"line":30,"column":16},"end":{"line":33,"column":27}},"9":{"start":{"line":37,"column":8},"end":{"line":39,"column":21}},"10":{"start":{"line":40,"column":8},"end":{"line":53,"column":9}},"11":{"start":{"line":43,"column":12},"end":{"line":46,"column":14}},"12":{"start":{"line":47,"column":12},"end":{"line":47,"column":18}},"13":{"start":{"line":50,"column":12},"end":{"line":51,"column":46}},"14":{"start":{"line":52,"column":12},"end":{"line":52,"column":18}},"15":{"start":{"line":55,"column":8},"end":{"line":55,"column":35}},"16":{"start":{"line":61,"column":4},"end":{"line":63,"column":9}},"17":{"start":{"line":62,"column":8},"end":{"line":62,"column":15}},"18":{"start":{"line":64,"column":4},"end":{"line":77,"column":5}},"19":{"start":{"line":70,"column":8},"end":{"line":70,"column":14}},"20":{"start":{"line":76,"column":8},"end":{"line":76,"column":14}},"21":{"start":{"line":82,"column":4},"end":{"line":84,"column":9}},"22":{"start":{"line":83,"column":8},"end":{"line":83,"column":15}},"23":{"start":{"line":85,"column":4},"end":{"line":194,"column":5}},"24":{"start":{"line":91,"column":8},"end":{"line":99,"column":10}},"25":{"start":{"line":98,"column":12},"end":{"line":98,"column":35}},"26":{"start":{"line":102,"column":8},"end":{"line":104,"column":63}},"27":{"start":{"line":105,"column":8},"end":{"line":105,"column":14}},"28":{"start":{"line":112,"column":8},"end":{"line":121,"column":10},"skip":true},"29":{"start":{"line":119,"column":12},"end":{"line":119,"column":55},"skip":true},"30":{"start":{"line":120,"column":12},"end":{"line":120,"column":48},"skip":true},"31":{"start":{"line":123,"column":8},"end":{"line":136,"column":10},"skip":true},"32":{"start":{"line":130,"column":12},"end":{"line":130,"column":76},"skip":true},"33":{"start":{"line":131,"column":12},"end":{"line":131,"column":73},"skip":true},"34":{"start":{"line":132,"column":12},"end":{"line":132,"column":74},"skip":true},"35":{"start":{"line":133,"column":12},"end":{"line":133,"column":79},"skip":true},"36":{"start":{"line":134,"column":12},"end":{"line":134,"column":25},"skip":true},"37":{"start":{"line":135,"column":12},"end":{"line":135,"column":45},"skip":true},"38":{"start":{"line":138,"column":8},"end":{"line":145,"column":14},"skip":true},"39":{"start":{"line":143,"column":16},"end":{"line":143,"column":29},"skip":true},"40":{"start":{"line":144,"column":16},"end":{"line":144,"column":55},"skip":true},"41":{"start":{"line":147,"column":8},"end":{"line":156,"column":10},"skip":true},"42":{"start":{"line":154,"column":12},"end":{"line":154,"column":25},"skip":true},"43":{"start":{"line":155,"column":12},"end":{"line":155,"column":45},"skip":true},"44":{"start":{"line":158,"column":8},"end":{"line":167,"column":10},"skip":true},"45":{"start":{"line":165,"column":12},"end":{"line":165,"column":25},"skip":true},"46":{"start":{"line":166,"column":12},"end":{"line":166,"column":48},"skip":true},"47":{"start":{"line":169,"column":8},"end":{"line":178,"column":10},"skip":true},"48":{"start":{"line":176,"column":12},"end":{"line":176,"column":25},"skip":true},"49":{"start":{"line":177,"column":12},"end":{"line":177,"column":46},"skip":true},"50":{"start":{"line":180,"column":8},"end":{"line":189,"column":10},"skip":true},"51":{"start":{"line":187,"column":12},"end":{"line":187,"column":94},"skip":true},"52":{"start":{"line":188,"column":12},"end":{"line":188,"column":48},"skip":true},"53":{"start":{"line":192,"column":8},"end":{"line":192,"column":35},"skip":true},"54":{"start":{"line":193,"column":8},"end":{"line":193,"column":14},"skip":true}},"branchMap":{"1":{"line":25,"type":"binary-expr","locations":[{"start":{"line":25,"column":23},"end":{"line":25,"column":62}},{"start":{"line":26,"column":20},"end":{"line":26,"column":70}},{"start":{"line":27,"column":20},"end":{"line":27,"column":71}},{"start":{"line":28,"column":20},"end":{"line":28,"column":29}}]},"2":{"line":30,"type":"binary-expr","locations":[{"start":{"line":30,"column":23},"end":{"line":30,"column":37}},{"start":{"line":31,"column":20},"end":{"line":31,"column":61}},{"start":{"line":32,"column":20},"end":{"line":32,"column":70}},{"start":{"line":33,"column":20},"end":{"line":33,"column":26}}]},"3":{"line":37,"type":"cond-expr","locations":[{"start":{"line":38,"column":14},"end":{"line":38,"column":20}},{"start":{"line":39,"column":14},"end":{"line":39,"column":20}}]},"4":{"line":40,"type":"switch","locations":[{"start":{"line":42,"column":8},"end":{"line":47,"column":18}},{"start":{"line":49,"column":8},"end":{"line":52,"column":18}}]},"5":{"line":44,"type":"binary-expr","locations":[{"start":{"line":44,"column":16},"end":{"line":44,"column":44}},{"start":{"line":44,"column":48},"end":{"line":44,"column":66}}]},"6":{"line":50,"type":"binary-expr","locations":[{"start":{"line":50,"column":21},"end":{"line":50,"column":49}},{"start":{"line":50,"column":53},"end":{"line":50,"column":72}}]},"7":{"line":64,"type":"switch","locations":[{"start":{"line":69,"column":4},"end":{"line":70,"column":14}},{"start":{"line":75,"column":4},"end":{"line":76,"column":14}}]},"8":{"line":85,"type":"switch","locations":[{"start":{"line":90,"column":4},"end":{"line":105,"column":14}},{"start":{"line":111,"column":4},"end":{"line":193,"column":14},"skip":true}]},"9":{"line":91,"type":"binary-expr","locations":[{"start":{"line":91,"column":42},"end":{"line":91,"column":73}},{"start":{"line":91,"column":77},"end":{"line":99,"column":9}}]},"10":{"line":102,"type":"binary-expr","locations":[{"start":{"line":102,"column":18},"end":{"line":102,"column":32}},{"start":{"line":103,"column":12},"end":{"line":103,"column":53}},{"start":{"line":104,"column":12},"end":{"line":104,"column":61}}]},"11":{"line":112,"type":"binary-expr","locations":[{"start":{"line":112,"column":45},"end":{"line":112,"column":79},"skip":true},{"start":{"line":112,"column":83},"end":{"line":121,"column":9},"skip":true}]},"12":{"line":123,"type":"binary-expr","locations":[{"start":{"line":123,"column":42},"end":{"line":123,"column":73},"skip":true},{"start":{"line":123,"column":77},"end":{"line":136,"column":9},"skip":true}]},"13":{"line":138,"type":"binary-expr","locations":[{"start":{"line":138,"column":48},"end":{"line":138,"column":85},"skip":true},{"start":{"line":139,"column":12},"end":{"line":145,"column":13},"skip":true}]},"14":{"line":147,"type":"binary-expr","locations":[{"start":{"line":147,"column":42},"end":{"line":147,"column":73},"skip":true},{"start":{"line":147,"column":77},"end":{"line":156,"column":9},"skip":true}]},"15":{"line":158,"type":"binary-expr","locations":[{"start":{"line":158,"column":45},"end":{"line":158,"column":79},"skip":true},{"start":{"line":158,"column":83},"end":{"line":167,"column":9},"skip":true}]},"16":{"line":169,"type":"binary-expr","locations":[{"start":{"line":169,"column":43},"end":{"line":169,"column":75},"skip":true},{"start":{"line":169,"column":79},"end":{"line":178,"column":9},"skip":true}]},"17":{"line":180,"type":"binary-expr","locations":[{"start":{"line":180,"column":41},"end":{"line":180,"column":71},"skip":true},{"start":{"line":180,"column":75},"end":{"line":189,"column":9},"skip":true}]}},"code":["/* istanbul instrument in package npmtest_epub */","/*jslint","    bitwise: true,","    browser: true,","    maxerr: 8,","    maxlen: 96,","    node: true,","    nomen: true,","    regexp: true,","    stupid: true","*/","(function () {","    'use strict';","    var local;","","","","    // run shared js-env code - pre-init","    (function () {","        // init local","        local = {};","        // init modeJs","        local.modeJs = (function () {","            try {","                return typeof navigator.userAgent === 'string' &&","                    typeof document.querySelector('body') === 'object' &&","                    typeof XMLHttpRequest.prototype.open === 'function' &&","                    'browser';","            } catch (errorCaughtBrowser) {","                return module.exports &&","                    typeof process.versions.node === 'string' &&","                    typeof require('http').createServer === 'function' &&","                    'node';","            }","        }());","        // init global","        local.global = local.modeJs === 'browser'","            ? window","            : global;","        switch (local.modeJs) {","        // re-init local from window.local","        case 'browser':","            local = local.global.utility2.objectSetDefault(","                local.global.utility2_rollup || local.global.local,","                local.global.utility2","            );","            break;","        // re-init local from example.js","        case 'node':","            local = (local.global.utility2_rollup || require('utility2'))","                .requireExampleJsFromReadme();","            break;","        }","        // export local","        local.global.local = local;","    }());","","","","    // run shared js-env code - function","    (function () {","        return;","    }());","    switch (local.modeJs) {","","","","    // run browser js-env code - function","    case 'browser':","        break;","","","","    // run node js-env code - function","    case 'node':","        break;","    }","","","","    // run shared js-env code - post-init","    (function () {","        return;","    }());","    switch (local.modeJs) {","","","","    // run browser js-env code - post-init","    case 'browser':","        local.testCase_browser_nullCase = local.testCase_browser_nullCase || function (","            options,","            onError","        ) {","        /*","         * this function will test browsers's null-case handling-behavior-behavior","         */","            onError(null, options);","        };","","        // run tests","        local.nop(local.modeTest &&","            document.querySelector('#testRunButton1') &&","            document.querySelector('#testRunButton1').click());","        break;","","","","    // run node js-env code - post-init","    /* istanbul ignore next */","    case 'node':","        local.testCase_buildApidoc_default = local.testCase_buildApidoc_default || function (","            options,","            onError","        ) {","        /*","         * this function will test buildApidoc's default handling-behavior-behavior","         */","            options = { modulePathList: module.paths };","            local.buildApidoc(options, onError);","        };","","        local.testCase_buildApp_default = local.testCase_buildApp_default || function (","            options,","            onError","        ) {","        /*","         * this function will test buildApp's default handling-behavior-behavior","         */","            local.testCase_buildReadme_default(options, local.onErrorThrow);","            local.testCase_buildLib_default(options, local.onErrorThrow);","            local.testCase_buildTest_default(options, local.onErrorThrow);","            local.testCase_buildCustomOrg_default(options, local.onErrorThrow);","            options = [];","            local.buildApp(options, onError);","        };","","        local.testCase_buildCustomOrg_default = local.testCase_buildCustomOrg_default ||","            function (options, onError) {","            /*","             * this function will test buildCustomOrg's default handling-behavior","             */","                options = {};","                local.buildCustomOrg(options, onError);","            };","","        local.testCase_buildLib_default = local.testCase_buildLib_default || function (","            options,","            onError","        ) {","        /*","         * this function will test buildLib's default handling-behavior","         */","            options = {};","            local.buildLib(options, onError);","        };","","        local.testCase_buildReadme_default = local.testCase_buildReadme_default || function (","            options,","            onError","        ) {","        /*","         * this function will test buildReadme's default handling-behavior-behavior","         */","            options = {};","            local.buildReadme(options, onError);","        };","","        local.testCase_buildTest_default = local.testCase_buildTest_default || function (","            options,","            onError","        ) {","        /*","         * this function will test buildTest's default handling-behavior","         */","            options = {};","            local.buildTest(options, onError);","        };","","        local.testCase_webpage_default = local.testCase_webpage_default || function (","            options,","            onError","        ) {","        /*","         * this function will test webpage's default handling-behavior","         */","            options = { modeCoverageMerge: true, url: local.serverLocalHost + '?modeTest=1' };","            local.browserTest(options, onError);","        };","","        // run test-server","        local.testRunServer(local);","        break;","    }","}());",""],"l":{"12":2,"14":2,"19":2,"21":2,"23":2,"24":2,"25":2,"30":1,"37":2,"40":2,"43":1,"47":1,"50":1,"52":1,"55":2,"61":2,"62":2,"64":2,"70":1,"76":1,"82":2,"83":2,"85":2,"91":1,"98":1,"102":1,"105":1,"112":1,"119":1,"120":1,"123":1,"130":1,"131":1,"132":1,"133":1,"134":1,"135":1,"138":1,"143":2,"144":2,"147":1,"154":2,"155":2,"158":1,"165":2,"166":2,"169":1,"176":2,"177":2,"180":1,"187":1,"188":1,"192":1,"193":1}},"/home/travis/build/npmtest/node-npmtest-epub/lib.npmtest_epub.js":{"path":"/home/travis/build/npmtest/node-npmtest-epub/lib.npmtest_epub.js","s":{"1":2,"2":2,"3":2,"4":2,"5":2,"6":2,"7":2,"8":1,"9":2,"10":2,"11":2,"12":2,"13":1,"14":1,"15":1,"16":1},"b":{"1":[2,1,1,1],"2":[1,1,1,1],"3":[1,1],"4":[2,2],"5":[1,1]},"f":{"1":2,"2":2,"3":2},"fnMap":{"1":{"name":"(anonymous_1)","line":12,"loc":{"start":{"line":12,"column":1},"end":{"line":12,"column":13}}},"2":{"name":"(anonymous_2)","line":19,"loc":{"start":{"line":19,"column":5},"end":{"line":19,"column":17}}},"3":{"name":"(anonymous_3)","line":23,"loc":{"start":{"line":23,"column":24},"end":{"line":23,"column":36}}}},"statementMap":{"1":{"start":{"line":12,"column":0},"end":{"line":53,"column":5}},"2":{"start":{"line":14,"column":4},"end":{"line":14,"column":14}},"3":{"start":{"line":19,"column":4},"end":{"line":52,"column":9}},"4":{"start":{"line":21,"column":8},"end":{"line":21,"column":19}},"5":{"start":{"line":23,"column":8},"end":{"line":35,"column":13}},"6":{"start":{"line":24,"column":12},"end":{"line":34,"column":13}},"7":{"start":{"line":25,"column":16},"end":{"line":28,"column":30}},"8":{"start":{"line":30,"column":16},"end":{"line":33,"column":27}},"9":{"start":{"line":37,"column":8},"end":{"line":39,"column":21}},"10":{"start":{"line":41,"column":8},"end":{"line":41,"column":54}},"11":{"start":{"line":43,"column":8},"end":{"line":43,"column":49}},"12":{"start":{"line":45,"column":8},"end":{"line":51,"column":9}},"13":{"start":{"line":46,"column":12},"end":{"line":46,"column":55}},"14":{"start":{"line":48,"column":12},"end":{"line":48,"column":35}},"15":{"start":{"line":49,"column":12},"end":{"line":49,"column":49}},"16":{"start":{"line":50,"column":12},"end":{"line":50,"column":43}}},"branchMap":{"1":{"line":25,"type":"binary-expr","locations":[{"start":{"line":25,"column":23},"end":{"line":25,"column":62}},{"start":{"line":26,"column":20},"end":{"line":26,"column":70}},{"start":{"line":27,"column":20},"end":{"line":27,"column":71}},{"start":{"line":28,"column":20},"end":{"line":28,"column":29}}]},"2":{"line":30,"type":"binary-expr","locations":[{"start":{"line":30,"column":23},"end":{"line":30,"column":37}},{"start":{"line":31,"column":20},"end":{"line":31,"column":61}},{"start":{"line":32,"column":20},"end":{"line":32,"column":70}},{"start":{"line":33,"column":20},"end":{"line":33,"column":26}}]},"3":{"line":37,"type":"cond-expr","locations":[{"start":{"line":38,"column":14},"end":{"line":38,"column":20}},{"start":{"line":39,"column":14},"end":{"line":39,"column":20}}]},"4":{"line":41,"type":"binary-expr","locations":[{"start":{"line":41,"column":16},"end":{"line":41,"column":44}},{"start":{"line":41,"column":48},"end":{"line":41,"column":53}}]},"5":{"line":45,"type":"if","locations":[{"start":{"line":45,"column":8},"end":{"line":45,"column":8}},{"start":{"line":45,"column":8},"end":{"line":45,"column":8}}]}},"code":["/* istanbul instrument in package npmtest_epub */","/*jslint","    bitwise: true,","    browser: true,","    maxerr: 8,","    maxlen: 96,","    node: true,","    nomen: true,","    regexp: true,","    stupid: true","*/","(function () {","    'use strict';","    var local;","","","","    // run shared js-env code - pre-init","    (function () {","        // init local","        local = {};","        // init modeJs","        local.modeJs = (function () {","            try {","                return typeof navigator.userAgent === 'string' &&","                    typeof document.querySelector('body') === 'object' &&","                    typeof XMLHttpRequest.prototype.open === 'function' &&","                    'browser';","            } catch (errorCaughtBrowser) {","                return module.exports &&","                    typeof process.versions.node === 'string' &&","                    typeof require('http').createServer === 'function' &&","                    'node';","            }","        }());","        // init global","        local.global = local.modeJs === 'browser'","            ? window","            : global;","        // init utility2_rollup","        local = local.global.utility2_rollup || local;","        // init lib","        local.local = local.npmtest_epub = local;","        // init exports","        if (local.modeJs === 'browser') {","            local.global.utility2_npmtest_epub = local;","        } else {","            module.exports = local;","            module.exports.__dirname = __dirname;","            module.exports.module = module;","        }","    }());","}());",""],"l":{"12":2,"14":2,"19":2,"21":2,"23":2,"24":2,"25":2,"30":1,"37":2,"41":2,"43":2,"45":2,"46":1,"48":1,"49":1,"50":1}},"/home/travis/build/npmtest/node-npmtest-epub/example.js":{"path":"/home/travis/build/npmtest/node-npmtest-epub/example.js","s":{"1":2,"2":2,"3":2,"4":2,"5":2,"6":2,"7":2,"8":1,"9":2,"10":2,"11":2,"12":2,"13":1,"14":2,"15":2,"16":2,"17":2,"18":2,"19":0,"20":2,"21":1,"22":1,"23":1,"24":1,"25":1,"26":0,"27":0,"28":1,"29":1,"30":2,"31":0,"32":0,"33":0,"34":1,"35":2,"36":2,"37":3,"38":3,"39":3,"40":3,"41":0,"42":3,"43":3,"44":3,"45":1,"46":3,"47":1,"48":1,"49":1,"50":1,"51":1,"52":1,"53":1,"54":1,"55":1,"56":1,"57":0,"58":1,"59":6,"60":6,"61":1,"62":2,"63":0,"64":2,"65":1,"66":1,"67":0,"68":0,"69":0,"70":0,"71":0,"72":0,"73":0,"74":0,"75":0,"76":0,"77":0,"78":0,"79":0,"80":0,"81":0,"82":0,"83":0},"b":{"1":[2,1,1,1],"2":[1,1,1,1],"3":[1,1],"4":[2,2],"5":[1,1],"6":[1,1],"7":[2,0],"8":[2,1,1,1,1,1],"9":[0,2,0],"10":[1,1],"11":[2,1,1],"12":[1,0],"13":[0,2],"14":[2,0,0,0,0,0,0],"15":[0,3],"16":[3,0],"17":[1,1],"18":[0,1],"19":[1,2,0,2],"20":[1,0],"21":[1,1],"22":[0,0],"23":[0,0],"24":[0,0],"25":[0,0],"26":[0,0],"27":[0,0],"28":[0,0]},"f":{"1":2,"2":2,"3":2,"4":2,"5":2,"6":2,"7":3,"8":3,"9":3,"10":1,"11":6,"12":0},"fnMap":{"1":{"name":"(anonymous_1)","line":26,"loc":{"start":{"line":26,"column":1},"end":{"line":26,"column":13}}},"2":{"name":"(anonymous_2)","line":33,"loc":{"start":{"line":33,"column":5},"end":{"line":33,"column":17}}},"3":{"name":"(anonymous_3)","line":37,"loc":{"start":{"line":37,"column":24},"end":{"line":37,"column":36}}},"4":{"name":"(anonymous_4)","line":69,"loc":{"start":{"line":69,"column":31},"end":{"line":69,"column":48}},"skip":true},"5":{"name":"(anonymous_5)","line":78,"loc":{"start":{"line":78,"column":26},"end":{"line":78,"column":45}},"skip":true},"6":{"name":"(anonymous_6)","line":123,"loc":{"start":{"line":123,"column":33},"end":{"line":123,"column":48}},"skip":true},"7":{"name":"(anonymous_7)","line":125,"loc":{"start":{"line":125,"column":27},"end":{"line":125,"column":39}},"skip":true},"8":{"name":"(anonymous_8)","line":133,"loc":{"start":{"line":133,"column":59},"end":{"line":133,"column":74}},"skip":true},"9":{"name":"(anonymous_9)","line":143,"loc":{"start":{"line":143,"column":45},"end":{"line":143,"column":62}},"skip":true},"10":{"name":"(anonymous_10)","line":144,"loc":{"start":{"line":144,"column":73},"end":{"line":144,"column":92}},"skip":true},"11":{"name":"(anonymous_11)","line":272,"loc":{"start":{"line":272,"column":51},"end":{"line":272,"column":77}},"skip":true},"12":{"name":"(anonymous_12)","line":315,"loc":{"start":{"line":315,"column":32},"end":{"line":315,"column":61}},"skip":true}},"statementMap":{"1":{"start":{"line":26,"column":0},"end":{"line":326,"column":5}},"2":{"start":{"line":28,"column":4},"end":{"line":28,"column":14}},"3":{"start":{"line":33,"column":4},"end":{"line":60,"column":9}},"4":{"start":{"line":35,"column":8},"end":{"line":35,"column":19}},"5":{"start":{"line":37,"column":8},"end":{"line":49,"column":13}},"6":{"start":{"line":38,"column":12},"end":{"line":48,"column":13}},"7":{"start":{"line":39,"column":16},"end":{"line":42,"column":30}},"8":{"start":{"line":44,"column":16},"end":{"line":47,"column":27}},"9":{"start":{"line":51,"column":8},"end":{"line":53,"column":21}},"10":{"start":{"line":55,"column":8},"end":{"line":57,"column":45}},"11":{"start":{"line":59,"column":8},"end":{"line":59,"column":35}},"12":{"start":{"line":61,"column":4},"end":{"line":325,"column":5}},"13":{"start":{"line":69,"column":8},"end":{"line":121,"column":10},"skip":true},"14":{"start":{"line":70,"column":12},"end":{"line":88,"column":13},"skip":true},"15":{"start":{"line":76,"column":16},"end":{"line":87,"column":19},"skip":true},"16":{"start":{"line":79,"column":20},"end":{"line":86,"column":21},"skip":true},"17":{"start":{"line":82,"column":24},"end":{"line":82,"column":43},"skip":true},"18":{"start":{"line":83,"column":24},"end":{"line":83,"column":30},"skip":true},"19":{"start":{"line":85,"column":24},"end":{"line":85,"column":49},"skip":true},"20":{"start":{"line":89,"column":12},"end":{"line":107,"column":13},"skip":true},"21":{"start":{"line":92,"column":16},"end":{"line":102,"column":17},"skip":true},"22":{"start":{"line":93,"column":20},"end":{"line":93,"column":86},"skip":true},"23":{"start":{"line":94,"column":20},"end":{"line":95,"column":45},"skip":true},"24":{"start":{"line":96,"column":20},"end":{"line":96,"column":42},"skip":true},"25":{"start":{"line":97,"column":20},"end":{"line":97,"column":48},"skip":true},"26":{"start":{"line":100,"column":20},"end":{"line":100,"column":85},"skip":true},"27":{"start":{"line":101,"column":20},"end":{"line":101,"column":96},"skip":true},"28":{"start":{"line":103,"column":16},"end":{"line":103,"column":22},"skip":true},"29":{"start":{"line":106,"column":16},"end":{"line":106,"column":22},"skip":true},"30":{"start":{"line":108,"column":12},"end":{"line":120,"column":13},"skip":true},"31":{"start":{"line":114,"column":16},"end":{"line":119,"column":17},"skip":true},"32":{"start":{"line":116,"column":20},"end":{"line":116,"column":78},"skip":true},"33":{"start":{"line":118,"column":20},"end":{"line":118,"column":47},"skip":true},"34":{"start":{"line":123,"column":8},"end":{"line":141,"column":11},"skip":true},"35":{"start":{"line":124,"column":12},"end":{"line":124,"column":54},"skip":true},"36":{"start":{"line":125,"column":12},"end":{"line":140,"column":14},"skip":true},"37":{"start":{"line":126,"column":16},"end":{"line":126,"column":28},"skip":true},"38":{"start":{"line":127,"column":16},"end":{"line":127,"column":69},"skip":true},"39":{"start":{"line":128,"column":16},"end":{"line":128,"column":75},"skip":true},"40":{"start":{"line":129,"column":16},"end":{"line":131,"column":17},"skip":true},"41":{"start":{"line":130,"column":20},"end":{"line":130,"column":27},"skip":true},"42":{"start":{"line":133,"column":16},"end":{"line":137,"column":36},"skip":true},"43":{"start":{"line":134,"column":20},"end":{"line":136,"column":55},"skip":true},"44":{"start":{"line":139,"column":16},"end":{"line":139,"column":57},"skip":true},"45":{"start":{"line":143,"column":8},"end":{"line":147,"column":11},"skip":true},"46":{"start":{"line":144,"column":12},"end":{"line":146,"column":15},"skip":true},"47":{"start":{"line":145,"column":16},"end":{"line":145,"column":70},"skip":true},"48":{"start":{"line":149,"column":8},"end":{"line":149,"column":31},"skip":true},"49":{"start":{"line":150,"column":8},"end":{"line":150,"column":14},"skip":true},"50":{"start":{"line":158,"column":8},"end":{"line":158,"column":31},"skip":true},"51":{"start":{"line":160,"column":8},"end":{"line":160,"column":33},"skip":true},"52":{"start":{"line":161,"column":8},"end":{"line":161,"column":37},"skip":true},"53":{"start":{"line":162,"column":8},"end":{"line":162,"column":35},"skip":true},"54":{"start":{"line":164,"column":8},"end":{"line":164,"column":50},"skip":true},"55":{"start":{"line":166,"column":8},"end":{"line":256,"column":2},"skip":true},"56":{"start":{"line":258,"column":8},"end":{"line":286,"column":9},"skip":true},"57":{"start":{"line":259,"column":12},"end":{"line":269,"column":14},"skip":true},"58":{"start":{"line":271,"column":12},"end":{"line":285,"column":19},"skip":true},"59":{"start":{"line":274,"column":20},"end":{"line":274,"column":35},"skip":true},"60":{"start":{"line":275,"column":20},"end":{"line":284,"column":21},"skip":true},"61":{"start":{"line":277,"column":24},"end":{"line":277,"column":64},"skip":true},"62":{"start":{"line":279,"column":24},"end":{"line":279,"column":40},"skip":true},"63":{"start":{"line":281,"column":24},"end":{"line":281,"column":40},"skip":true},"64":{"start":{"line":283,"column":24},"end":{"line":283,"column":39},"skip":true},"65":{"start":{"line":288,"column":8},"end":{"line":290,"column":9},"skip":true},"66":{"start":{"line":289,"column":12},"end":{"line":289,"column":18},"skip":true},"67":{"start":{"line":291,"column":8},"end":{"line":293,"column":54},"skip":true},"68":{"start":{"line":296,"column":8},"end":{"line":301,"column":37},"skip":true},"69":{"start":{"line":303,"column":8},"end":{"line":303,"column":82},"skip":true},"70":{"start":{"line":306,"column":8},"end":{"line":308,"column":9},"skip":true},"71":{"start":{"line":307,"column":12},"end":{"line":307,"column":82},"skip":true},"72":{"start":{"line":310,"column":8},"end":{"line":312,"column":9},"skip":true},"73":{"start":{"line":311,"column":12},"end":{"line":311,"column":18},"skip":true},"74":{"start":{"line":313,"column":8},"end":{"line":313,"column":54},"skip":true},"75":{"start":{"line":314,"column":8},"end":{"line":314,"column":69},"skip":true},"76":{"start":{"line":315,"column":8},"end":{"line":323,"column":36},"skip":true},"77":{"start":{"line":316,"column":12},"end":{"line":316,"column":61},"skip":true},"78":{"start":{"line":317,"column":12},"end":{"line":320,"column":13},"skip":true},"79":{"start":{"line":318,"column":16},"end":{"line":318,"column":75},"skip":true},"80":{"start":{"line":319,"column":16},"end":{"line":319,"column":23},"skip":true},"81":{"start":{"line":321,"column":12},"end":{"line":321,"column":38},"skip":true},"82":{"start":{"line":322,"column":12},"end":{"line":322,"column":27},"skip":true},"83":{"start":{"line":324,"column":8},"end":{"line":324,"column":14},"skip":true}},"branchMap":{"1":{"line":39,"type":"binary-expr","locations":[{"start":{"line":39,"column":23},"end":{"line":39,"column":62}},{"start":{"line":40,"column":20},"end":{"line":40,"column":70}},{"start":{"line":41,"column":20},"end":{"line":41,"column":71}},{"start":{"line":42,"column":20},"end":{"line":42,"column":29}}]},"2":{"line":44,"type":"binary-expr","locations":[{"start":{"line":44,"column":23},"end":{"line":44,"column":37}},{"start":{"line":45,"column":20},"end":{"line":45,"column":61}},{"start":{"line":46,"column":20},"end":{"line":46,"column":70}},{"start":{"line":47,"column":20},"end":{"line":47,"column":26}}]},"3":{"line":51,"type":"cond-expr","locations":[{"start":{"line":52,"column":14},"end":{"line":52,"column":20}},{"start":{"line":53,"column":14},"end":{"line":53,"column":20}}]},"4":{"line":55,"type":"binary-expr","locations":[{"start":{"line":55,"column":16},"end":{"line":55,"column":44}},{"start":{"line":55,"column":49},"end":{"line":57,"column":43}}]},"5":{"line":55,"type":"cond-expr","locations":[{"start":{"line":56,"column":14},"end":{"line":56,"column":48}},{"start":{"line":57,"column":14},"end":{"line":57,"column":43}}]},"6":{"line":61,"type":"switch","locations":[{"start":{"line":68,"column":4},"end":{"line":150,"column":14},"skip":true},{"start":{"line":156,"column":4},"end":{"line":324,"column":14},"skip":true}]},"7":{"line":70,"type":"if","locations":[{"start":{"line":70,"column":12},"end":{"line":70,"column":12},"skip":true},{"start":{"line":70,"column":12},"end":{"line":70,"column":12},"skip":true}]},"8":{"line":70,"type":"binary-expr","locations":[{"start":{"line":70,"column":16},"end":{"line":70,"column":22},"skip":true},{"start":{"line":70,"column":27},"end":{"line":70,"column":32},"skip":true},{"start":{"line":71,"column":20},"end":{"line":71,"column":39},"skip":true},{"start":{"line":72,"column":20},"end":{"line":72,"column":49},"skip":true},{"start":{"line":73,"column":20},"end":{"line":73,"column":58},"skip":true},{"start":{"line":74,"column":20},"end":{"line":74,"column":69},"skip":true}]},"9":{"line":79,"type":"switch","locations":[{"start":{"line":80,"column":20},"end":{"line":80,"column":33},"skip":true},{"start":{"line":81,"column":20},"end":{"line":83,"column":30},"skip":true},{"start":{"line":84,"column":20},"end":{"line":85,"column":49},"skip":true}]},"10":{"line":89,"type":"switch","locations":[{"start":{"line":90,"column":12},"end":{"line":103,"column":22},"skip":true},{"start":{"line":105,"column":12},"end":{"line":106,"column":22},"skip":true}]},"11":{"line":89,"type":"binary-expr","locations":[{"start":{"line":89,"column":20},"end":{"line":89,"column":25},"skip":true},{"start":{"line":89,"column":29},"end":{"line":89,"column":48},"skip":true},{"start":{"line":89,"column":52},"end":{"line":89,"column":74},"skip":true}]},"12":{"line":92,"type":"if","locations":[{"start":{"line":92,"column":16},"end":{"line":92,"column":16},"skip":true},{"start":{"line":92,"column":16},"end":{"line":92,"column":16},"skip":true}]},"13":{"line":108,"type":"if","locations":[{"start":{"line":108,"column":12},"end":{"line":108,"column":12},"skip":true},{"start":{"line":108,"column":12},"end":{"line":108,"column":12},"skip":true}]},"14":{"line":108,"type":"binary-expr","locations":[{"start":{"line":108,"column":16},"end":{"line":108,"column":61},"skip":true},{"start":{"line":108,"column":66},"end":{"line":108,"column":72},"skip":true},{"start":{"line":108,"column":77},"end":{"line":108,"column":82},"skip":true},{"start":{"line":109,"column":20},"end":{"line":109,"column":39},"skip":true},{"start":{"line":110,"column":20},"end":{"line":110,"column":49},"skip":true},{"start":{"line":111,"column":20},"end":{"line":111,"column":58},"skip":true},{"start":{"line":112,"column":20},"end":{"line":112,"column":68},"skip":true}]},"15":{"line":129,"type":"if","locations":[{"start":{"line":129,"column":16},"end":{"line":129,"column":16},"skip":true},{"start":{"line":129,"column":16},"end":{"line":129,"column":16},"skip":true}]},"16":{"line":134,"type":"cond-expr","locations":[{"start":{"line":135,"column":26},"end":{"line":135,"column":29},"skip":true},{"start":{"line":136,"column":26},"end":{"line":136,"column":54},"skip":true}]},"17":{"line":164,"type":"binary-expr","locations":[{"start":{"line":164,"column":27},"end":{"line":164,"column":43},"skip":true},{"start":{"line":164,"column":47},"end":{"line":164,"column":49},"skip":true}]},"18":{"line":258,"type":"if","locations":[{"start":{"line":258,"column":8},"end":{"line":258,"column":8},"skip":true},{"start":{"line":258,"column":8},"end":{"line":258,"column":8},"skip":true}]},"19":{"line":275,"type":"switch","locations":[{"start":{"line":276,"column":20},"end":{"line":277,"column":64},"skip":true},{"start":{"line":278,"column":20},"end":{"line":279,"column":40},"skip":true},{"start":{"line":280,"column":20},"end":{"line":281,"column":40},"skip":true},{"start":{"line":282,"column":20},"end":{"line":283,"column":39},"skip":true}]},"20":{"line":288,"type":"if","locations":[{"start":{"line":288,"column":8},"end":{"line":288,"column":8},"skip":true},{"start":{"line":288,"column":8},"end":{"line":288,"column":8},"skip":true}]},"21":{"line":288,"type":"binary-expr","locations":[{"start":{"line":288,"column":12},"end":{"line":288,"column":40},"skip":true},{"start":{"line":288,"column":44},"end":{"line":288,"column":67},"skip":true}]},"22":{"line":292,"type":"binary-expr","locations":[{"start":{"line":292,"column":12},"end":{"line":292,"column":50},"skip":true},{"start":{"line":293,"column":12},"end":{"line":293,"column":53},"skip":true}]},"23":{"line":297,"type":"binary-expr","locations":[{"start":{"line":297,"column":12},"end":{"line":297,"column":62},"skip":true},{"start":{"line":298,"column":12},"end":{"line":301,"column":36},"skip":true}]},"24":{"line":303,"type":"binary-expr","locations":[{"start":{"line":303,"column":43},"end":{"line":303,"column":75},"skip":true},{"start":{"line":303,"column":79},"end":{"line":303,"column":81},"skip":true}]},"25":{"line":306,"type":"if","locations":[{"start":{"line":306,"column":8},"end":{"line":306,"column":8},"skip":true},{"start":{"line":306,"column":8},"end":{"line":306,"column":8},"skip":true}]},"26":{"line":310,"type":"if","locations":[{"start":{"line":310,"column":8},"end":{"line":310,"column":8},"skip":true},{"start":{"line":310,"column":8},"end":{"line":310,"column":8},"skip":true}]},"27":{"line":313,"type":"binary-expr","locations":[{"start":{"line":313,"column":27},"end":{"line":313,"column":43},"skip":true},{"start":{"line":313,"column":47},"end":{"line":313,"column":53},"skip":true}]},"28":{"line":317,"type":"if","locations":[{"start":{"line":317,"column":12},"end":{"line":317,"column":12},"skip":true},{"start":{"line":317,"column":12},"end":{"line":317,"column":12},"skip":true}]}},"code":["/*","example.js","","quickstart example","","instruction","    1. save this script as example.js","    2. run the shell command:","        $ npm install npmtest-epub && PORT=8081 node example.js","    3. play with the browser-demo on http://127.0.0.1:8081","*/","","","","/* istanbul instrument in package npmtest_epub */","/*jslint","    bitwise: true,","    browser: true,","    maxerr: 8,","    maxlen: 96,","    node: true,","    nomen: true,","    regexp: true,","    stupid: true","*/","(function () {","    'use strict';","    var local;","","","","    // run shared js-env code - pre-init","    (function () {","        // init local","        local = {};","        // init modeJs","        local.modeJs = (function () {","            try {","                return typeof navigator.userAgent === 'string' &&","                    typeof document.querySelector('body') === 'object' &&","                    typeof XMLHttpRequest.prototype.open === 'function' &&","                    'browser';","            } catch (errorCaughtBrowser) {","                return module.exports &&","                    typeof process.versions.node === 'string' &&","                    typeof require('http').createServer === 'function' &&","                    'node';","            }","        }());","        // init global","        local.global = local.modeJs === 'browser'","            ? window","            : global;","        // init utility2_rollup","        local = local.global.utility2_rollup || (local.modeJs === 'browser'","            ? local.global.utility2_npmtest_epub","            : global.utility2_moduleExports);","        // export local","        local.global.local = local;","    }());","    switch (local.modeJs) {","","","","    // post-init","    // run browser js-env code - post-init","    /* istanbul ignore next */","    case 'browser':","        local.testRunBrowser = function (event) {","            if (!event || (event &&","                    event.currentTarget &&","                    event.currentTarget.className &&","                    event.currentTarget.className.includes &&","                    event.currentTarget.className.includes('onreset'))) {","                // reset output","                Array.from(","                    document.querySelectorAll('body > .resettable')","                ).forEach(function (element) {","                    switch (element.tagName) {","                    case 'INPUT':","                    case 'TEXTAREA':","                        element.value = '';","                        break;","                    default:","                        element.textContent = '';","                    }","                });","            }","            switch (event && event.currentTarget && event.currentTarget.id) {","            case 'testRunButton1':","                // show tests","                if (document.querySelector('#testReportDiv1').style.display === 'none') {","                    document.querySelector('#testReportDiv1').style.display = 'block';","                    document.querySelector('#testRunButton1').textContent =","                        'hide internal test';","                    local.modeTest = true;","                    local.testRunDefault(local);","                // hide tests","                } else {","                    document.querySelector('#testReportDiv1').style.display = 'none';","                    document.querySelector('#testRunButton1').textContent = 'run internal test';","                }","                break;","            // custom-case","            default:","                break;","            }","            if (document.querySelector('#inputTextareaEval1') && (!event || (event &&","                    event.currentTarget &&","                    event.currentTarget.className &&","                    event.currentTarget.className.includes &&","                    event.currentTarget.className.includes('oneval')))) {","                // try to eval input-code","                try {","                    /*jslint evil: true*/","                    eval(document.querySelector('#inputTextareaEval1').value);","                } catch (errorCaught) {","                    console.error(errorCaught);","                }","            }","        };","        // log stderr and stdout to #outputTextareaStdout1","        ['error', 'log'].forEach(function (key) {","            console[key + '_original'] = console[key];","            console[key] = function () {","                var element;","                console[key + '_original'].apply(console, arguments);","                element = document.querySelector('#outputTextareaStdout1');","                if (!element) {","                    return;","                }","                // append text to #outputTextareaStdout1","                element.value += Array.from(arguments).map(function (arg) {","                    return typeof arg === 'string'","                        ? arg","                        : JSON.stringify(arg, null, 4);","                }).join(' ') + '\\n';","                // scroll textarea to bottom","                element.scrollTop = element.scrollHeight;","            };","        });","        // init event-handling","        ['change', 'click', 'keyup'].forEach(function (event) {","            Array.from(document.querySelectorAll('.on' + event)).forEach(function (element) {","                element.addEventListener(event, local.testRunBrowser);","            });","        });","        // run tests","        local.testRunBrowser();","        break;","","","","    // run node js-env code - post-init","    /* istanbul ignore next */","    case 'node':","        // export local","        module.exports = local;","        // require modules","        local.fs = require('fs');","        local.http = require('http');","        local.url = require('url');","        // init assets","        local.assetsDict = local.assetsDict || {};","        /* jslint-ignore-begin */","        local.assetsDict['/assets.index.template.html'] = '\\","<!doctype html>\\n\\","<html lang=\"en\">\\n\\","<head>\\n\\","<meta charset=\"UTF-8\">\\n\\","<meta name=\"viewport\" content=\"width=device-width, initial-scale=1\">\\n\\","<title>{{env.npm_package_name}} (v{{env.npm_package_version}})</title>\\n\\","<style>\\n\\","/*csslint\\n\\","    box-sizing: false,\\n\\","    universal-selector: false\\n\\","*/\\n\\","* {\\n\\","    box-sizing: border-box;\\n\\","}\\n\\","body {\\n\\","    background: #dde;\\n\\","    font-family: Arial, Helvetica, sans-serif;\\n\\","    margin: 2rem;\\n\\","}\\n\\","body > * {\\n\\","    margin-bottom: 1rem;\\n\\","}\\n\\",".utility2FooterDiv {\\n\\","    margin-top: 20px;\\n\\","    text-align: center;\\n\\","}\\n\\","</style>\\n\\","<style>\\n\\","/*csslint\\n\\","*/\\n\\","textarea {\\n\\","    font-family: monospace;\\n\\","    height: 10rem;\\n\\","    width: 100%;\\n\\","}\\n\\","textarea[readonly] {\\n\\","    background: #ddd;\\n\\","}\\n\\","</style>\\n\\","</head>\\n\\","<body>\\n\\","<!-- utility2-comment\\n\\","<div id=\"ajaxProgressDiv1\" style=\"background: #d00; height: 2px; left: 0; margin: 0; padding: 0; position: fixed; top: 0; transition: background 0.5s, width 1.5s; width: 25%;\"></div>\\n\\","utility2-comment -->\\n\\","<h1>\\n\\","<!-- utility2-comment\\n\\","    <a\\n\\","        {{#if env.npm_package_homepage}}\\n\\","        href=\"{{env.npm_package_homepage}}\"\\n\\","        {{/if env.npm_package_homepage}}\\n\\","        target=\"_blank\"\\n\\","    >\\n\\","utility2-comment -->\\n\\","        {{env.npm_package_name}} (v{{env.npm_package_version}})\\n\\","<!-- utility2-comment\\n\\","    </a>\\n\\","utility2-comment -->\\n\\","</h1>\\n\\","<h3>{{env.npm_package_description}}</h3>\\n\\","<!-- utility2-comment\\n\\","<h4><a download href=\"assets.app.js\">download standalone app</a></h4>\\n\\","<button class=\"onclick onreset\" id=\"testRunButton1\">run internal test</button><br>\\n\\","<div id=\"testReportDiv1\" style=\"display: none;\"></div>\\n\\","utility2-comment -->\\n\\","\\n\\","\\n\\","\\n\\","<label>stderr and stdout</label>\\n\\","<textarea class=\"resettable\" id=\"outputTextareaStdout1\" readonly></textarea>\\n\\","<!-- utility2-comment\\n\\","{{#if isRollup}}\\n\\","<script src=\"assets.app.js\"></script>\\n\\","{{#unless isRollup}}\\n\\","utility2-comment -->\\n\\","<script src=\"assets.utility2.rollup.js\"></script>\\n\\","<script src=\"jsonp.utility2._stateInit?callback=window.utility2._stateInit\"></script>\\n\\","<script src=\"assets.npmtest_epub.rollup.js\"></script>\\n\\","<script src=\"assets.example.js\"></script>\\n\\","<script src=\"assets.test.js\"></script>\\n\\","<!-- utility2-comment\\n\\","{{/if isRollup}}\\n\\","utility2-comment -->\\n\\","<div class=\"utility2FooterDiv\">\\n\\","    [ this app was created with\\n\\","    <a href=\"https://github.com/kaizhu256/node-utility2\" target=\"_blank\">utility2</a>\\n\\","    ]\\n\\","</div>\\n\\","</body>\\n\\","</html>\\n\\","';","        /* jslint-ignore-end */","        if (local.templateRender) {","            local.assetsDict['/'] = local.templateRender(","                local.assetsDict['/assets.index.template.html'],","                {","                    env: local.objectSetDefault(local.env, {","                        npm_package_description: 'the greatest app in the world!',","                        npm_package_name: 'my-app',","                        npm_package_nameAlias: 'my_app',","                        npm_package_version: '0.0.1'","                    })","                }","            );","        } else {","            local.assetsDict['/'] = local.assetsDict['/assets.index.template.html']","                .replace((/\\{\\{env\\.(\\w+?)\\}\\}/g), function (match0, match1) {","                    // jslint-hack","                    String(match0);","                    switch (match1) {","                    case 'npm_package_description':","                        return 'the greatest app in the world!';","                    case 'npm_package_name':","                        return 'my-app';","                    case 'npm_package_nameAlias':","                        return 'my_app';","                    case 'npm_package_version':","                        return '0.0.1';","                    }","                });","        }","        // run the cli","        if (local.global.utility2_rollup || module !== require.main) {","            break;","        }","        local.assetsDict['/assets.example.js'] =","            local.assetsDict['/assets.example.js'] ||","            local.fs.readFileSync(__filename, 'utf8');","        // bug-workaround - long $npm_package_buildCustomOrg","        /* jslint-ignore-begin */","        local.assetsDict['/assets.npmtest_epub.rollup.js'] =","            local.assetsDict['/assets.npmtest_epub.rollup.js'] ||","            local.fs.readFileSync(","                local.npmtest_epub.__dirname + '/lib.npmtest_epub.js',","                'utf8'","            ).replace((/^#!/), '//');","        /* jslint-ignore-end */","        local.assetsDict['/favicon.ico'] = local.assetsDict['/favicon.ico'] || '';","        // if $npm_config_timeout_exit exists,","        // then exit this process after $npm_config_timeout_exit ms","        if (Number(process.env.npm_config_timeout_exit)) {","            setTimeout(process.exit, Number(process.env.npm_config_timeout_exit));","        }","        // start server","        if (local.global.utility2_serverHttp1) {","            break;","        }","        process.env.PORT = process.env.PORT || '8081';","        console.error('server starting on port ' + process.env.PORT);","        local.http.createServer(function (request, response) {","            request.urlParsed = local.url.parse(request.url);","            if (local.assetsDict[request.urlParsed.pathname] !== undefined) {","                response.end(local.assetsDict[request.urlParsed.pathname]);","                return;","            }","            response.statusCode = 404;","            response.end();","        }).listen(process.env.PORT);","        break;","    }","}());",""],"l":{"26":2,"28":2,"33":2,"35":2,"37":2,"38":2,"39":2,"44":1,"51":2,"55":2,"59":2,"61":2,"69":1,"70":2,"76":2,"79":2,"82":2,"83":2,"85":1,"89":2,"92":1,"93":1,"94":1,"96":1,"97":1,"100":1,"101":1,"103":1,"106":1,"108":2,"114":1,"116":1,"118":1,"123":1,"124":2,"125":2,"126":3,"127":3,"128":3,"129":3,"130":1,"133":3,"134":3,"139":3,"143":1,"144":3,"145":1,"149":1,"150":1,"158":1,"160":1,"161":1,"162":1,"164":1,"166":1,"258":1,"259":1,"271":1,"274":6,"275":6,"277":1,"279":2,"281":1,"283":2,"288":1,"289":1,"291":1,"296":1,"303":1,"306":1,"307":1,"310":1,"311":1,"313":1,"314":1,"315":1,"316":1,"317":1,"318":1,"319":1,"321":1,"322":1,"324":1}},"/home/travis/build/npmtest/node-npmtest-epub/node_modules/epub/epub.js":{"path":"/home/travis/build/npmtest/node-npmtest-epub/node_modules/epub/epub.js","s":{"1":1,"2":1,"3":1,"4":1,"5":1,"6":0,"7":0,"8":0,"9":0,"10":0,"11":0,"12":0,"13":0,"14":0,"15":1,"16":0,"17":0,"18":0,"19":0,"20":0,"21":0,"22":0,"23":0,"24":1,"25":1,"26":0,"27":0,"28":0,"29":0,"30":0,"31":0,"32":0,"33":0,"34":0,"35":1,"36":0,"37":0,"38":0,"39":0,"40":0,"41":0,"42":0,"43":0,"44":1,"45":0,"46":0,"47":0,"48":0,"49":0,"50":0,"51":0,"52":0,"53":0,"54":0,"55":0,"56":0,"57":0,"58":0,"59":0,"60":0,"61":0,"62":1,"63":0,"64":0,"65":0,"66":0,"67":0,"68":0,"69":0,"70":0,"71":0,"72":0,"73":0,"74":0,"75":0,"76":0,"77":0,"78":0,"79":0,"80":0,"81":0,"82":0,"83":0,"84":0,"85":0,"86":0,"87":0,"88":0,"89":0,"90":0,"91":0,"92":0,"93":0,"94":0,"95":0,"96":0,"97":0,"98":0,"99":0,"100":0,"101":0,"102":0,"103":0,"104":0,"105":0,"106":1,"107":0,"108":0,"109":0,"110":0,"111":0,"112":0,"113":0,"114":0,"115":0,"116":0,"117":1,"118":0,"119":0,"120":0,"121":0,"122":0,"123":0,"124":0,"125":0,"126":0,"127":0,"128":0,"129":0,"130":0,"131":0,"132":0,"133":0,"134":0,"135":1,"136":0,"137":0,"138":0,"139":0,"140":0,"141":0,"142":0,"143":0,"144":0,"145":0,"146":0,"147":0,"148":0,"149":0,"150":0,"151":0,"152":0,"153":0,"154":0,"155":0,"156":0,"157":0,"158":0,"159":0,"160":0,"161":0,"162":0,"163":0,"164":0,"165":0,"166":0,"167":0,"168":0,"169":0,"170":0,"171":0,"172":0,"173":0,"174":0,"175":0,"176":0,"177":0,"178":0,"179":0,"180":0,"181":0,"182":0,"183":0,"184":0,"185":0,"186":0,"187":0,"188":0,"189":0,"190":0,"191":0,"192":1,"193":0,"194":0,"195":0,"196":0,"197":0,"198":0,"199":0,"200":0,"201":0,"202":0,"203":1,"204":0,"205":0,"206":0,"207":0,"208":0,"209":0,"210":0,"211":0,"212":0,"213":0,"214":0,"215":0,"216":1,"217":0,"218":0,"219":0,"220":0,"221":0,"222":0,"223":0,"224":0,"225":0,"226":0,"227":0,"228":0,"229":0,"230":0,"231":0,"232":0,"233":0,"234":0,"235":1,"236":0,"237":0,"238":0,"239":0,"240":0,"241":0,"242":0,"243":0,"244":0,"245":0,"246":0,"247":0,"248":0,"249":0,"250":0,"251":0,"252":0,"253":0,"254":0,"255":0,"256":0,"257":0,"258":0,"259":0,"260":0,"261":0,"262":1,"263":0,"264":0,"265":0,"266":0,"267":0,"268":0,"269":0,"270":0,"271":0,"272":0,"273":0,"274":0,"275":0,"276":0,"277":0,"278":0,"279":0,"280":0,"281":0,"282":0,"283":0,"284":0,"285":0,"286":0,"287":0,"288":0,"289":0,"290":0,"291":0,"292":0,"293":0,"294":0,"295":0,"296":0,"297":0,"298":0,"299":0,"300":1,"301":0,"302":0,"303":0,"304":0,"305":0,"306":0,"307":0,"308":0,"309":0,"310":0,"311":1,"312":0,"313":0,"314":0,"315":0,"316":0,"317":1,"318":0,"319":0,"320":0,"321":0,"322":0,"323":0,"324":0,"325":1,"326":0,"327":0,"328":0,"329":0,"330":0,"331":0,"332":0,"333":0,"334":0,"335":0,"336":1},"b":{"1":[0,0],"2":[0,0],"3":[0,0],"4":[0,0],"5":[0,0],"6":[0,0],"7":[0,0],"8":[0,0],"9":[0,0],"10":[0,0],"11":[0,0],"12":[0,0],"13":[0,0],"14":[0,0],"15":[0,0],"16":[0,0],"17":[0,0],"18":[0,0,0],"19":[0,0],"20":[0,0],"21":[0,0],"22":[0,0],"23":[0,0],"24":[0,0],"25":[0,0],"26":[0,0],"27":[0,0],"28":[0,0,0,0],"29":[0,0],"30":[0,0],"31":[0,0,0,0,0,0,0,0],"32":[0,0],"33":[0,0,0,0],"34":[0,0,0],"35":[0,0],"36":[0,0,0,0],"37":[0,0,0],"38":[0,0],"39":[0,0,0,0],"40":[0,0,0],"41":[0,0],"42":[0,0,0,0],"43":[0,0,0],"44":[0,0],"45":[0,0,0,0],"46":[0,0,0],"47":[0,0],"48":[0,0,0,0],"49":[0,0,0,0],"50":[0,0,0],"51":[0,0,0],"52":[0,0],"53":[0,0,0,0],"54":[0,0,0],"55":[0,0],"56":[0,0],"57":[0,0],"58":[0,0],"59":[0,0,0],"60":[0,0],"61":[0,0],"62":[0,0],"63":[0,0],"64":[0,0],"65":[0,0],"66":[0,0],"67":[0,0],"68":[0,0],"69":[0,0],"70":[0,0],"71":[0,0],"72":[0,0],"73":[0,0],"74":[0,0],"75":[0,0],"76":[0,0],"77":[0,0],"78":[0,0],"79":[0,0],"80":[0,0],"81":[0,0],"82":[0,0],"83":[0,0],"84":[0,0],"85":[0,0],"86":[0,0],"87":[0,0],"88":[0,0],"89":[0,0],"90":[0,0],"91":[0,0,0,0],"92":[0,0,0],"93":[0,0,0,0],"94":[0,0],"95":[0,0],"96":[0,0,0],"97":[0,0],"98":[0,0],"99":[0,0],"100":[0,0],"101":[0,0],"102":[0,0],"103":[0,0],"104":[0,0],"105":[0,0],"106":[0,0],"107":[0,0],"108":[0,0],"109":[0,0],"110":[0,0],"111":[0,0],"112":[0,0],"113":[0,0],"114":[0,0],"115":[0,0],"116":[0,0],"117":[0,0],"118":[0,0]},"f":{"1":0,"2":0,"3":0,"4":0,"5":0,"6":0,"7":0,"8":0,"9":0,"10":0,"11":0,"12":0,"13":0,"14":0,"15":0,"16":0,"17":0,"18":0,"19":0,"20":0,"21":0,"22":0,"23":0,"24":0,"25":0,"26":0,"27":0,"28":0,"29":0,"30":0,"31":0,"32":0,"33":0,"34":0,"35":0,"36":0,"37":0,"38":0,"39":0,"40":0,"41":0},"fnMap":{"1":{"name":"(anonymous_1)","line":12,"loc":{"start":{"line":12,"column":18},"end":{"line":12,"column":37}}},"2":{"name":"(anonymous_2)","line":14,"loc":{"start":{"line":14,"column":50},"end":{"line":14,"column":69}}},"3":{"name":"(anonymous_3)","line":19,"loc":{"start":{"line":19,"column":33},"end":{"line":19,"column":52}}},"4":{"name":"(anonymous_4)","line":20,"loc":{"start":{"line":20,"column":62},"end":{"line":20,"column":86}}},"5":{"name":"EPub","line":55,"loc":{"start":{"line":55,"column":0},"end":{"line":55,"column":42}}},"6":{"name":"(anonymous_6)","line":76,"loc":{"start":{"line":76,"column":23},"end":{"line":76,"column":35}}},"7":{"name":"(anonymous_7)","line":97,"loc":{"start":{"line":97,"column":22},"end":{"line":97,"column":34}}},"8":{"name":"(anonymous_8)","line":119,"loc":{"start":{"line":119,"column":31},"end":{"line":119,"column":43}}},"9":{"name":"(anonymous_9)","line":132,"loc":{"start":{"line":132,"column":38},"end":{"line":132,"column":59}}},"10":{"name":"(anonymous_10)","line":155,"loc":{"start":{"line":155,"column":30},"end":{"line":155,"column":42}}},"11":{"name":"(anonymous_11)","line":168,"loc":{"start":{"line":168,"column":43},"end":{"line":168,"column":64}}},"12":{"name":"(anonymous_12)","line":176,"loc":{"start":{"line":176,"column":29},"end":{"line":176,"column":47}}},"13":{"name":"(anonymous_13)","line":227,"loc":{"start":{"line":227,"column":31},"end":{"line":227,"column":46}}},"14":{"name":"(anonymous_14)","line":243,"loc":{"start":{"line":243,"column":32},"end":{"line":243,"column":44}}},"15":{"name":"(anonymous_15)","line":245,"loc":{"start":{"line":245,"column":38},"end":{"line":245,"column":59}}},"16":{"name":"(anonymous_16)","line":255,"loc":{"start":{"line":255,"column":31},"end":{"line":255,"column":46}}},"17":{"name":"(anonymous_17)","line":271,"loc":{"start":{"line":271,"column":31},"end":{"line":271,"column":51}}},"18":{"name":"(anonymous_18)","line":308,"loc":{"start":{"line":308,"column":31},"end":{"line":308,"column":51}}},"19":{"name":"(anonymous_19)","line":388,"loc":{"start":{"line":388,"column":31},"end":{"line":388,"column":45}}},"20":{"name":"(anonymous_20)","line":405,"loc":{"start":{"line":405,"column":31},"end":{"line":405,"column":51}}},"21":{"name":"(anonymous_21)","line":431,"loc":{"start":{"line":431,"column":28},"end":{"line":431,"column":45}}},"22":{"name":"(anonymous_22)","line":459,"loc":{"start":{"line":459,"column":26},"end":{"line":459,"column":38}}},"23":{"name":"(anonymous_23)","line":468,"loc":{"start":{"line":468,"column":44},"end":{"line":468,"column":65}}},"24":{"name":"(anonymous_24)","line":476,"loc":{"start":{"line":476,"column":29},"end":{"line":476,"column":47}}},"25":{"name":"(anonymous_25)","line":484,"loc":{"start":{"line":484,"column":31},"end":{"line":484,"column":46}}},"26":{"name":"(anonymous_26)","line":504,"loc":{"start":{"line":504,"column":28},"end":{"line":504,"column":68}}},"27":{"name":"(anonymous_27)","line":565,"loc":{"start":{"line":565,"column":28},"end":{"line":565,"column":52}}},"28":{"name":"(anonymous_28)","line":566,"loc":{"start":{"line":566,"column":28},"end":{"line":566,"column":48}}},"29":{"name":"(anonymous_29)","line":579,"loc":{"start":{"line":579,"column":55},"end":{"line":579,"column":71}}},"30":{"name":"(anonymous_30)","line":584,"loc":{"start":{"line":584,"column":67},"end":{"line":584,"column":83}}},"31":{"name":"(anonymous_31)","line":589,"loc":{"start":{"line":589,"column":65},"end":{"line":589,"column":81}}},"32":{"name":"(anonymous_32)","line":594,"loc":{"start":{"line":594,"column":73},"end":{"line":594,"column":95}}},"33":{"name":"(anonymous_33)","line":599,"loc":{"start":{"line":599,"column":72},"end":{"line":599,"column":94}}},"34":{"name":"(anonymous_34)","line":620,"loc":{"start":{"line":620,"column":73},"end":{"line":620,"column":95}}},"35":{"name":"(anonymous_35)","line":660,"loc":{"start":{"line":660,"column":31},"end":{"line":660,"column":55}}},"36":{"name":"(anonymous_36)","line":667,"loc":{"start":{"line":667,"column":51},"end":{"line":667,"column":72}}},"37":{"name":"(anonymous_37)","line":693,"loc":{"start":{"line":693,"column":26},"end":{"line":693,"column":50}}},"38":{"name":"(anonymous_38)","line":715,"loc":{"start":{"line":715,"column":25},"end":{"line":715,"column":49}}},"39":{"name":"(anonymous_39)","line":718,"loc":{"start":{"line":718,"column":51},"end":{"line":718,"column":72}}},"40":{"name":"(anonymous_40)","line":732,"loc":{"start":{"line":732,"column":26},"end":{"line":732,"column":65}}},"41":{"name":"(anonymous_41)","line":739,"loc":{"start":{"line":739,"column":36},"end":{"line":739,"column":56}}}},"statementMap":{"1":{"start":{"line":1,"column":0},"end":{"line":1,"column":38}},"2":{"start":{"line":2,"column":0},"end":{"line":2,"column":27}},"3":{"start":{"line":3,"column":0},"end":{"line":3,"column":50}},"4":{"start":{"line":5,"column":0},"end":{"line":26,"column":1}},"5":{"start":{"line":7,"column":4},"end":{"line":7,"column":45}},"6":{"start":{"line":10,"column":4},"end":{"line":10,"column":36}},"7":{"start":{"line":12,"column":4},"end":{"line":18,"column":6}},"8":{"start":{"line":13,"column":8},"end":{"line":13,"column":43}},"9":{"start":{"line":14,"column":8},"end":{"line":16,"column":11}},"10":{"start":{"line":15,"column":12},"end":{"line":15,"column":38}},"11":{"start":{"line":17,"column":8},"end":{"line":17,"column":39}},"12":{"start":{"line":19,"column":4},"end":{"line":25,"column":6}},"13":{"start":{"line":20,"column":8},"end":{"line":24,"column":11}},"14":{"start":{"line":23,"column":12},"end":{"line":23,"column":36}},"15":{"start":{"line":55,"column":0},"end":{"line":68,"column":1}},"16":{"start":{"line":56,"column":4},"end":{"line":56,"column":28}},"17":{"start":{"line":57,"column":4},"end":{"line":57,"column":26}},"18":{"start":{"line":59,"column":4},"end":{"line":59,"column":54}},"19":{"start":{"line":60,"column":4},"end":{"line":60,"column":51}},"20":{"start":{"line":62,"column":4},"end":{"line":64,"column":5}},"21":{"start":{"line":63,"column":8},"end":{"line":63,"column":30}},"22":{"start":{"line":65,"column":4},"end":{"line":67,"column":5}},"23":{"start":{"line":66,"column":8},"end":{"line":66,"column":29}},"24":{"start":{"line":69,"column":0},"end":{"line":69,"column":34}},"25":{"start":{"line":76,"column":0},"end":{"line":89,"column":2}},"26":{"start":{"line":78,"column":4},"end":{"line":78,"column":31}},"27":{"start":{"line":79,"column":4},"end":{"line":79,"column":26}},"28":{"start":{"line":80,"column":4},"end":{"line":80,"column":26}},"29":{"start":{"line":82,"column":4},"end":{"line":82,"column":23}},"30":{"start":{"line":83,"column":4},"end":{"line":83,"column":23}},"31":{"start":{"line":84,"column":4},"end":{"line":84,"column":47}},"32":{"start":{"line":85,"column":4},"end":{"line":85,"column":19}},"33":{"start":{"line":86,"column":4},"end":{"line":86,"column":18}},"34":{"start":{"line":88,"column":4},"end":{"line":88,"column":16}},"35":{"start":{"line":97,"column":0},"end":{"line":111,"column":2}},"36":{"start":{"line":98,"column":4},"end":{"line":103,"column":5}},"37":{"start":{"line":99,"column":8},"end":{"line":99,"column":46}},"38":{"start":{"line":101,"column":8},"end":{"line":101,"column":62}},"39":{"start":{"line":102,"column":8},"end":{"line":102,"column":15}},"40":{"start":{"line":105,"column":4},"end":{"line":108,"column":5}},"41":{"start":{"line":106,"column":8},"end":{"line":106,"column":61}},"42":{"start":{"line":107,"column":8},"end":{"line":107,"column":15}},"43":{"start":{"line":110,"column":4},"end":{"line":110,"column":25}},"44":{"start":{"line":119,"column":0},"end":{"line":146,"column":2}},"45":{"start":{"line":120,"column":4},"end":{"line":120,"column":15}},"46":{"start":{"line":122,"column":4},"end":{"line":127,"column":5}},"47":{"start":{"line":123,"column":8},"end":{"line":126,"column":9}},"48":{"start":{"line":124,"column":12},"end":{"line":124,"column":46}},"49":{"start":{"line":125,"column":12},"end":{"line":125,"column":18}},"50":{"start":{"line":128,"column":4},"end":{"line":131,"column":5}},"51":{"start":{"line":129,"column":8},"end":{"line":129,"column":69}},"52":{"start":{"line":130,"column":8},"end":{"line":130,"column":15}},"53":{"start":{"line":132,"column":4},"end":{"line":145,"column":19}},"54":{"start":{"line":133,"column":8},"end":{"line":136,"column":9}},"55":{"start":{"line":134,"column":12},"end":{"line":134,"column":68}},"56":{"start":{"line":135,"column":12},"end":{"line":135,"column":19}},"57":{"start":{"line":137,"column":8},"end":{"line":137,"column":62}},"58":{"start":{"line":139,"column":8},"end":{"line":142,"column":9}},"59":{"start":{"line":140,"column":12},"end":{"line":140,"column":67}},"60":{"start":{"line":141,"column":12},"end":{"line":141,"column":19}},"61":{"start":{"line":144,"column":8},"end":{"line":144,"column":28}},"62":{"start":{"line":155,"column":0},"end":{"line":236,"column":2}},"63":{"start":{"line":156,"column":4},"end":{"line":156,"column":15}},"64":{"start":{"line":157,"column":4},"end":{"line":162,"column":5}},"65":{"start":{"line":158,"column":8},"end":{"line":161,"column":9}},"66":{"start":{"line":159,"column":12},"end":{"line":159,"column":51}},"67":{"start":{"line":160,"column":12},"end":{"line":160,"column":18}},"68":{"start":{"line":163,"column":4},"end":{"line":166,"column":5}},"69":{"start":{"line":164,"column":8},"end":{"line":164,"column":70}},"70":{"start":{"line":165,"column":8},"end":{"line":165,"column":15}},"71":{"start":{"line":168,"column":4},"end":{"line":235,"column":19}},"72":{"start":{"line":169,"column":8},"end":{"line":172,"column":9}},"73":{"start":{"line":170,"column":12},"end":{"line":170,"column":68}},"74":{"start":{"line":171,"column":12},"end":{"line":171,"column":19}},"75":{"start":{"line":173,"column":8},"end":{"line":174,"column":37}},"76":{"start":{"line":176,"column":8},"end":{"line":225,"column":23}},"77":{"start":{"line":178,"column":12},"end":{"line":181,"column":13}},"78":{"start":{"line":179,"column":16},"end":{"line":179,"column":68}},"79":{"start":{"line":180,"column":16},"end":{"line":180,"column":23}},"80":{"start":{"line":183,"column":12},"end":{"line":184,"column":41}},"81":{"start":{"line":186,"column":12},"end":{"line":203,"column":13}},"82":{"start":{"line":188,"column":16},"end":{"line":195,"column":17}},"83":{"start":{"line":189,"column":20},"end":{"line":194,"column":21}},"84":{"start":{"line":192,"column":24},"end":{"line":192,"column":86}},"85":{"start":{"line":193,"column":24},"end":{"line":193,"column":30}},"86":{"start":{"line":197,"column":19},"end":{"line":203,"column":13}},"87":{"start":{"line":198,"column":16},"end":{"line":201,"column":17}},"88":{"start":{"line":199,"column":20},"end":{"line":199,"column":80}},"89":{"start":{"line":200,"column":20},"end":{"line":200,"column":27}},"90":{"start":{"line":202,"column":16},"end":{"line":202,"column":75}},"91":{"start":{"line":205,"column":12},"end":{"line":208,"column":13}},"92":{"start":{"line":206,"column":16},"end":{"line":206,"column":64}},"93":{"start":{"line":207,"column":16},"end":{"line":207,"column":23}},"94":{"start":{"line":211,"column":12},"end":{"line":216,"column":13}},"95":{"start":{"line":212,"column":16},"end":{"line":215,"column":17}},"96":{"start":{"line":213,"column":20},"end":{"line":213,"column":54}},"97":{"start":{"line":214,"column":20},"end":{"line":214,"column":26}},"98":{"start":{"line":218,"column":12},"end":{"line":221,"column":13}},"99":{"start":{"line":219,"column":16},"end":{"line":219,"column":81}},"100":{"start":{"line":220,"column":16},"end":{"line":220,"column":23}},"101":{"start":{"line":223,"column":12},"end":{"line":223,"column":34}},"102":{"start":{"line":227,"column":8},"end":{"line":230,"column":23}},"103":{"start":{"line":228,"column":12},"end":{"line":228,"column":74}},"104":{"start":{"line":229,"column":12},"end":{"line":229,"column":19}},"105":{"start":{"line":232,"column":8},"end":{"line":232,"column":35}},"106":{"start":{"line":243,"column":0},"end":{"line":263,"column":2}},"107":{"start":{"line":245,"column":4},"end":{"line":262,"column":19}},"108":{"start":{"line":246,"column":8},"end":{"line":249,"column":9}},"109":{"start":{"line":247,"column":12},"end":{"line":247,"column":68}},"110":{"start":{"line":248,"column":12},"end":{"line":248,"column":19}},"111":{"start":{"line":250,"column":8},"end":{"line":251,"column":37}},"112":{"start":{"line":253,"column":8},"end":{"line":253,"column":59}},"113":{"start":{"line":255,"column":8},"end":{"line":258,"column":23}},"114":{"start":{"line":256,"column":12},"end":{"line":256,"column":74}},"115":{"start":{"line":257,"column":12},"end":{"line":257,"column":19}},"116":{"start":{"line":260,"column":8},"end":{"line":260,"column":35}},"117":{"start":{"line":271,"column":0},"end":{"line":301,"column":2}},"118":{"start":{"line":273,"column":4},"end":{"line":273,"column":50}},"119":{"start":{"line":275,"column":4},"end":{"line":275,"column":36}},"120":{"start":{"line":276,"column":4},"end":{"line":276,"column":33}},"121":{"start":{"line":277,"column":4},"end":{"line":294,"column":5}},"122":{"start":{"line":278,"column":8},"end":{"line":278,"column":38}},"123":{"start":{"line":279,"column":8},"end":{"line":279,"column":58}},"124":{"start":{"line":280,"column":8},"end":{"line":293,"column":9}},"125":{"start":{"line":282,"column":12},"end":{"line":282,"column":50}},"126":{"start":{"line":283,"column":12},"end":{"line":283,"column":18}},"127":{"start":{"line":285,"column":12},"end":{"line":285,"column":50}},"128":{"start":{"line":286,"column":12},"end":{"line":286,"column":18}},"129":{"start":{"line":288,"column":12},"end":{"line":288,"column":47}},"130":{"start":{"line":289,"column":12},"end":{"line":289,"column":18}},"131":{"start":{"line":292,"column":12},"end":{"line":292,"column":18}},"132":{"start":{"line":296,"column":4},"end":{"line":300,"column":5}},"133":{"start":{"line":297,"column":8},"end":{"line":297,"column":24}},"134":{"start":{"line":299,"column":8},"end":{"line":299,"column":25}},"135":{"start":{"line":308,"column":0},"end":{"line":398,"column":2}},"136":{"start":{"line":309,"column":4},"end":{"line":309,"column":39}},"137":{"start":{"line":311,"column":4},"end":{"line":311,"column":33}},"138":{"start":{"line":312,"column":4},"end":{"line":385,"column":5}},"139":{"start":{"line":313,"column":8},"end":{"line":313,"column":38}},"140":{"start":{"line":314,"column":8},"end":{"line":314,"column":58}},"141":{"start":{"line":315,"column":8},"end":{"line":384,"column":9}},"142":{"start":{"line":317,"column":12},"end":{"line":321,"column":13}},"143":{"start":{"line":318,"column":16},"end":{"line":318,"column":137}},"144":{"start":{"line":320,"column":16},"end":{"line":320,"column":107}},"145":{"start":{"line":322,"column":12},"end":{"line":322,"column":18}},"146":{"start":{"line":324,"column":12},"end":{"line":328,"column":13}},"147":{"start":{"line":325,"column":16},"end":{"line":325,"column":150}},"148":{"start":{"line":327,"column":16},"end":{"line":327,"column":120}},"149":{"start":{"line":329,"column":12},"end":{"line":329,"column":18}},"150":{"start":{"line":331,"column":12},"end":{"line":335,"column":13}},"151":{"start":{"line":332,"column":16},"end":{"line":332,"column":133}},"152":{"start":{"line":334,"column":16},"end":{"line":334,"column":103}},"153":{"start":{"line":336,"column":12},"end":{"line":336,"column":18}},"154":{"start":{"line":338,"column":12},"end":{"line":342,"column":13}},"155":{"start":{"line":339,"column":16},"end":{"line":339,"column":135}},"156":{"start":{"line":341,"column":16},"end":{"line":341,"column":105}},"157":{"start":{"line":343,"column":12},"end":{"line":343,"column":18}},"158":{"start":{"line":345,"column":12},"end":{"line":349,"column":13}},"159":{"start":{"line":346,"column":16},"end":{"line":346,"column":139}},"160":{"start":{"line":348,"column":16},"end":{"line":348,"column":109}},"161":{"start":{"line":350,"column":12},"end":{"line":350,"column":18}},"162":{"start":{"line":352,"column":12},"end":{"line":358,"column":13}},"163":{"start":{"line":353,"column":16},"end":{"line":353,"column":135}},"164":{"start":{"line":354,"column":16},"end":{"line":354,"column":180}},"165":{"start":{"line":356,"column":16},"end":{"line":356,"column":105}},"166":{"start":{"line":357,"column":16},"end":{"line":357,"column":150}},"167":{"start":{"line":359,"column":12},"end":{"line":359,"column":18}},"168":{"start":{"line":361,"column":12},"end":{"line":365,"column":13}},"169":{"start":{"line":362,"column":16},"end":{"line":362,"column":132}},"170":{"start":{"line":364,"column":16},"end":{"line":364,"column":102}},"171":{"start":{"line":366,"column":12},"end":{"line":366,"column":18}},"172":{"start":{"line":368,"column":12},"end":{"line":382,"column":13}},"173":{"start":{"line":369,"column":16},"end":{"line":369,"column":81}},"174":{"start":{"line":370,"column":19},"end":{"line":382,"column":13}},"175":{"start":{"line":371,"column":16},"end":{"line":371,"column":120}},"176":{"start":{"line":372,"column":19},"end":{"line":382,"column":13}},"177":{"start":{"line":373,"column":16},"end":{"line":381,"column":17}},"178":{"start":{"line":374,"column":20},"end":{"line":380,"column":21}},"179":{"start":{"line":375,"column":24},"end":{"line":379,"column":25}},"180":{"start":{"line":376,"column":28},"end":{"line":376,"column":96}},"181":{"start":{"line":377,"column":31},"end":{"line":379,"column":25}},"182":{"start":{"line":378,"column":28},"end":{"line":378,"column":135}},"183":{"start":{"line":383,"column":12},"end":{"line":383,"column":18}},"184":{"start":{"line":387,"column":4},"end":{"line":387,"column":39}},"185":{"start":{"line":388,"column":4},"end":{"line":397,"column":13}},"186":{"start":{"line":389,"column":8},"end":{"line":389,"column":30}},"187":{"start":{"line":390,"column":8},"end":{"line":393,"column":9}},"188":{"start":{"line":391,"column":12},"end":{"line":391,"column":38}},"189":{"start":{"line":392,"column":12},"end":{"line":392,"column":52}},"190":{"start":{"line":394,"column":8},"end":{"line":396,"column":9}},"191":{"start":{"line":395,"column":12},"end":{"line":395,"column":58}},"192":{"start":{"line":405,"column":0},"end":{"line":424,"column":2}},"193":{"start":{"line":406,"column":4},"end":{"line":406,"column":67}},"194":{"start":{"line":407,"column":4},"end":{"line":407,"column":15}},"195":{"start":{"line":408,"column":4},"end":{"line":408,"column":30}},"196":{"start":{"line":410,"column":4},"end":{"line":423,"column":5}},"197":{"start":{"line":411,"column":8},"end":{"line":422,"column":9}},"198":{"start":{"line":412,"column":12},"end":{"line":421,"column":13}},"199":{"start":{"line":413,"column":16},"end":{"line":413,"column":48}},"200":{"start":{"line":415,"column":16},"end":{"line":417,"column":17}},"201":{"start":{"line":416,"column":20},"end":{"line":416,"column":73}},"202":{"start":{"line":419,"column":16},"end":{"line":419,"column":66}},"203":{"start":{"line":431,"column":0},"end":{"line":452,"column":2}},"204":{"start":{"line":432,"column":4},"end":{"line":432,"column":57}},"205":{"start":{"line":433,"column":4},"end":{"line":433,"column":15}},"206":{"start":{"line":435,"column":4},"end":{"line":437,"column":5}},"207":{"start":{"line":436,"column":8},"end":{"line":436,"column":64}},"208":{"start":{"line":439,"column":4},"end":{"line":450,"column":5}},"209":{"start":{"line":440,"column":8},"end":{"line":442,"column":9}},"210":{"start":{"line":441,"column":12},"end":{"line":441,"column":44}},"211":{"start":{"line":443,"column":8},"end":{"line":449,"column":9}},"212":{"start":{"line":444,"column":12},"end":{"line":448,"column":13}},"213":{"start":{"line":445,"column":16},"end":{"line":447,"column":17}},"214":{"start":{"line":446,"column":20},"end":{"line":446,"column":54}},"215":{"start":{"line":451,"column":4},"end":{"line":451,"column":36}},"216":{"start":{"line":459,"column":0},"end":{"line":492,"column":2}},"217":{"start":{"line":460,"column":4},"end":{"line":460,"column":74}},"218":{"start":{"line":461,"column":4},"end":{"line":461,"column":15}},"219":{"start":{"line":463,"column":4},"end":{"line":463,"column":38}},"220":{"start":{"line":464,"column":4},"end":{"line":466,"column":5}},"221":{"start":{"line":465,"column":8},"end":{"line":465,"column":55}},"222":{"start":{"line":468,"column":4},"end":{"line":491,"column":19}},"223":{"start":{"line":469,"column":8},"end":{"line":472,"column":9}},"224":{"start":{"line":470,"column":12},"end":{"line":470,"column":68}},"225":{"start":{"line":471,"column":12},"end":{"line":471,"column":19}},"226":{"start":{"line":473,"column":8},"end":{"line":474,"column":37}},"227":{"start":{"line":476,"column":8},"end":{"line":482,"column":23}},"228":{"start":{"line":477,"column":12},"end":{"line":479,"column":13}},"229":{"start":{"line":478,"column":16},"end":{"line":478,"column":82}},"230":{"start":{"line":481,"column":12},"end":{"line":481,"column":29}},"231":{"start":{"line":484,"column":8},"end":{"line":487,"column":23}},"232":{"start":{"line":485,"column":12},"end":{"line":485,"column":74}},"233":{"start":{"line":486,"column":12},"end":{"line":486,"column":19}},"234":{"start":{"line":489,"column":8},"end":{"line":489,"column":35}},"235":{"start":{"line":504,"column":0},"end":{"line":555,"column":2}},"236":{"start":{"line":505,"column":4},"end":{"line":505,"column":23}},"237":{"start":{"line":508,"column":4},"end":{"line":510,"column":5}},"238":{"start":{"line":509,"column":8},"end":{"line":509,"column":18}},"239":{"start":{"line":512,"column":4},"end":{"line":512,"column":57}},"240":{"start":{"line":514,"column":4},"end":{"line":516,"column":5}},"241":{"start":{"line":515,"column":8},"end":{"line":515,"column":26}},"242":{"start":{"line":518,"column":4},"end":{"line":553,"column":5}},"243":{"start":{"line":519,"column":8},"end":{"line":549,"column":9}},"244":{"start":{"line":521,"column":12},"end":{"line":521,"column":103}},"245":{"start":{"line":522,"column":12},"end":{"line":522,"column":76}},"246":{"start":{"line":523,"column":12},"end":{"line":523,"column":108}},"247":{"start":{"line":525,"column":12},"end":{"line":529,"column":14}},"248":{"start":{"line":531,"column":12},"end":{"line":548,"column":13}},"249":{"start":{"line":532,"column":16},"end":{"line":532,"column":53}},"250":{"start":{"line":533,"column":16},"end":{"line":533,"column":36}},"251":{"start":{"line":535,"column":16},"end":{"line":545,"column":17}},"252":{"start":{"line":537,"column":20},"end":{"line":537,"column":67}},"253":{"start":{"line":538,"column":20},"end":{"line":538,"column":42}},"254":{"start":{"line":539,"column":20},"end":{"line":539,"column":42}},"255":{"start":{"line":540,"column":20},"end":{"line":540,"column":42}},"256":{"start":{"line":543,"column":20},"end":{"line":543,"column":40}},"257":{"start":{"line":544,"column":20},"end":{"line":544,"column":85}},"258":{"start":{"line":547,"column":16},"end":{"line":547,"column":37}},"259":{"start":{"line":550,"column":8},"end":{"line":552,"column":9}},"260":{"start":{"line":551,"column":12},"end":{"line":551,"column":98}},"261":{"start":{"line":554,"column":4},"end":{"line":554,"column":18}},"262":{"start":{"line":565,"column":0},"end":{"line":650,"column":2}},"263":{"start":{"line":566,"column":4},"end":{"line":649,"column":19}},"264":{"start":{"line":567,"column":8},"end":{"line":570,"column":9}},"265":{"start":{"line":568,"column":12},"end":{"line":568,"column":26}},"266":{"start":{"line":569,"column":12},"end":{"line":569,"column":19}},"267":{"start":{"line":572,"column":8},"end":{"line":572,"column":87}},"268":{"start":{"line":573,"column":8},"end":{"line":573,"column":19}},"269":{"start":{"line":576,"column":8},"end":{"line":576,"column":46}},"270":{"start":{"line":579,"column":8},"end":{"line":581,"column":11}},"271":{"start":{"line":580,"column":12},"end":{"line":580,"column":27}},"272":{"start":{"line":584,"column":8},"end":{"line":586,"column":11}},"273":{"start":{"line":585,"column":12},"end":{"line":585,"column":22}},"274":{"start":{"line":589,"column":8},"end":{"line":591,"column":11}},"275":{"start":{"line":590,"column":12},"end":{"line":590,"column":22}},"276":{"start":{"line":594,"column":8},"end":{"line":596,"column":11}},"277":{"start":{"line":595,"column":12},"end":{"line":595,"column":39}},"278":{"start":{"line":599,"column":8},"end":{"line":617,"column":23}},"279":{"start":{"line":600,"column":12},"end":{"line":601,"column":24}},"280":{"start":{"line":603,"column":12},"end":{"line":608,"column":13}},"281":{"start":{"line":604,"column":16},"end":{"line":607,"column":17}},"282":{"start":{"line":605,"column":20},"end":{"line":605,"column":53}},"283":{"start":{"line":606,"column":20},"end":{"line":606,"column":26}},"284":{"start":{"line":611,"column":12},"end":{"line":615,"column":13}},"285":{"start":{"line":612,"column":16},"end":{"line":612,"column":71}},"286":{"start":{"line":614,"column":16},"end":{"line":614,"column":26}},"287":{"start":{"line":620,"column":8},"end":{"line":643,"column":23}},"288":{"start":{"line":621,"column":12},"end":{"line":623,"column":24}},"289":{"start":{"line":625,"column":12},"end":{"line":630,"column":13}},"290":{"start":{"line":626,"column":16},"end":{"line":629,"column":17}},"291":{"start":{"line":627,"column":20},"end":{"line":627,"column":53}},"292":{"start":{"line":628,"column":20},"end":{"line":628,"column":26}},"293":{"start":{"line":632,"column":12},"end":{"line":634,"column":13}},"294":{"start":{"line":633,"column":16},"end":{"line":633,"column":52}},"295":{"start":{"line":637,"column":12},"end":{"line":641,"column":13}},"296":{"start":{"line":638,"column":16},"end":{"line":638,"column":71}},"297":{"start":{"line":640,"column":16
[...]
    case \"metadata\":","            this.parseMetadata(rootfile[keys[i]]);","            break;","        case \"manifest\":","            this.parseManifest(rootfile[keys[i]]);","            break;","        case \"spine\":","            this.parseSpine(rootfile[keys[i]]);","            break;","        case \"guide\":","            //this.parseGuide(rootfile[keys[i]]);","            break;","        }","    }","","    if (this.spine.toc) {","        this.parseTOC();","    } else {","        this.emit(\"end\");","    }","};","","/**"," *  EPub#parseMetadata() -> undefined"," *"," *  Parses \"metadata\" block (book metadata, title, author etc.)"," **/","EPub.prototype.parseMetadata = function (metadata) {","    var i, j, len, keys, keyparts, key;","","    keys = Object.keys(metadata);","    for (i = 0, len = keys.length; i < len; i++) {","        keyparts = keys[i].split(\":\");","        key = (keyparts.pop() || \"\").toLowerCase().trim();","        switch (key) {","        case \"publisher\":","            if (Array.isArray(metadata[keys[i]])) {","                this.metadata.publisher = String(metadata[keys[i]][0] && metadata[keys[i]][0][\"#\"] || metadata[keys[i]][0] || \"\").trim();","            } else {","                this.metadata.publisher = String(metadata[keys[i]][\"#\"] || metadata[keys[i]] || \"\").trim();","            }","            break;","        case \"language\":","            if (Array.isArray(metadata[keys[i]])) {","                this.metadata.language = String(metadata[keys[i]][0] && metadata[keys[i]][0][\"#\"] || metadata[keys[i]][0] || \"\").toLowerCase().trim();","            } else {","                this.metadata.language = String(metadata[keys[i]][\"#\"] || metadata[keys[i]] || \"\").toLowerCase().trim();","            }","            break;","        case \"title\":","            if (Array.isArray(metadata[keys[i]])) {","                this.metadata.title = String(metadata[keys[i]][0] && metadata[keys[i]][0][\"#\"] || metadata[keys[i]][0] || \"\").trim();","            } else {","                this.metadata.title = String(metadata[keys[i]][\"#\"] || metadata[keys[i]] || \"\").trim();","            }","            break;","        case \"subject\":","            if (Array.isArray(metadata[keys[i]])) {","                this.metadata.subject = String(metadata[keys[i]][0] && metadata[keys[i]][0][\"#\"] || metadata[keys[i]][0] || \"\").trim();","            } else {","                this.metadata.subject = String(metadata[keys[i]][\"#\"] || metadata[keys[i]] || \"\").trim();","            }","            break;","        case \"description\":","            if (Array.isArray(metadata[keys[i]])) {","                this.metadata.description = String(metadata[keys[i]][0] && metadata[keys[i]][0][\"#\"] || metadata[keys[i]][0] || \"\").trim();","            } else {","                this.metadata.description = String(metadata[keys[i]][\"#\"] || metadata[keys[i]] || \"\").trim();","            }","            break;","        case \"creator\":","            if (Array.isArray(metadata[keys[i]])) {","                this.metadata.creator = String(metadata[keys[i]][0] && metadata[keys[i]][0][\"#\"] || metadata[keys[i]][0] || \"\").trim();","                this.metadata.creatorFileAs = String(metadata[keys[i]][0] && metadata[keys[i]][0]['@'] && metadata[keys[i]][0]['@'][\"opf:file-as\"] || this.metadata.creator).trim();","            } else {","                this.metadata.creator = String(metadata[keys[i]][\"#\"] || metadata[keys[i]] || \"\").trim();","                this.metadata.creatorFileAs = String(metadata[keys[i]]['@'] && metadata[keys[i]]['@'][\"opf:file-as\"] || this.metadata.creator).trim();","            }","            break;","        case \"date\":","            if (Array.isArray(metadata[keys[i]])) {","                this.metadata.date = String(metadata[keys[i]][0] && metadata[keys[i]][0][\"#\"] || metadata[keys[i]][0] || \"\").trim();","            } else {","                this.metadata.date = String(metadata[keys[i]][\"#\"] || metadata[keys[i]] || \"\").trim();","            }","            break;","        case \"identifier\":","            if (metadata[keys[i]][\"@\"] && metadata[keys[i]][\"@\"][\"opf:scheme\"] == \"ISBN\") {","                this.metadata.ISBN = String(metadata[keys[i]][\"#\"] || \"\").trim();","            } else if (metadata[keys[i]][\"@\"] && metadata[keys[i]][\"@\"].id && metadata[keys[i]][\"@\"].id.match(/uuid/i)) {","                this.metadata.UUID = String(metadata[keys[i]][\"#\"] || \"\").replace('urn:uuid:', '').toUpperCase().trim();","            } else if (Array.isArray(metadata[keys[i]])) {","                for (j = 0; j < metadata[keys[i]].length; j++) {","                    if (metadata[keys[i]][j][\"@\"]) {","                        if (metadata[keys[i]][j][\"@\"][\"opf:scheme\"] == \"ISBN\") {","                            this.metadata.ISBN = String(metadata[keys[i]][j][\"#\"] || \"\").trim();","                        } else if (metadata[keys[i]][j][\"@\"].id && metadata[keys[i]][j][\"@\"].id.match(/uuid/i)) {","                            this.metadata.UUID = String(metadata[keys[i]][j][\"#\"] || \"\").replace('urn:uuid:', '').toUpperCase().trim();","                        }","                    }","                }","            }","            break;","        }","    }","    ","    var metas = metadata['meta'] || {};","    Object.keys(metas).forEach(function(key) {","        var meta = metas[key];","        if (meta['@'] && meta['@'].name) {","            var name = meta['@'].name;","            this.metadata[name] = meta['@'].content;","        }","        if (meta['#'] && meta['@'].property) {","            this.metadata[meta['@'].property] = meta['#'];","        }","    }, this);","};","","/**"," *  EPub#parseManifest() -> undefined"," *"," *  Parses \"manifest\" block (all items included, html files, images, styles)"," **/","EPub.prototype.parseManifest = function (manifest) {","    var i, len, path = this.rootFile.split(\"/\"), element, path_str;","    path.pop();","    path_str = path.join(\"/\");","","    if (manifest.item) {","        for (i = 0, len = manifest.item.length; i < len; i++) {","            if (manifest.item[i]['@']) {","                element = manifest.item[i]['@'];","","                if (element.href && element.href.substr(0, path_str.length)  !=  path_str) {","                    element.href = path.concat([element.href]).join(\"/\");","                }","","                this.manifest[manifest.item[i]['@'].id] = element;","","            }","        }","    }","};","","/**"," *  EPub#parseSpine() -> undefined"," *"," *  Parses \"spine\" block (all html elements that are shown to the reader)"," **/","EPub.prototype.parseSpine = function (spine) {","    var i, len, path = this.rootFile.split(\"/\"), element;","    path.pop();","","    if (spine['@'] && spine['@'].toc) {","        this.spine.toc = this.manifest[spine['@'].toc] || false;","    }","","    if (spine.itemref) {","        if(!Array.isArray(spine.itemref)){","            spine.itemref = [spine.itemref];","        }","        for (i = 0, len = spine.itemref.length; i < len; i++) {","            if (spine.itemref[i]['@']) {","                if (element = this.manifest[spine.itemref[i]['@'].idref]) {","                    this.spine.contents.push(element);","                }","            }","        }","    }","    this.flow = this.spine.contents;","};","","/**"," *  EPub#parseTOC() -> undefined"," *"," *  Parses ncx file for table of contents (title, html file)"," **/","EPub.prototype.parseTOC = function () {","    var i, len, path = this.spine.toc.href.split(\"/\"), id_list = {}, keys;","    path.pop();","","    keys = Object.keys(this.manifest);","    for (i = 0, len = keys.length; i < len; i++) {","        id_list[this.manifest[keys[i]].href] = keys[i];","    }","","    this.zip.readFile(this.spine.toc.href, (function (err, data) {","        if (err) {","            this.emit(\"error\", new Error(\"Reading archive failed\"));","            return;","        }","        var xml = data.toString(\"utf-8\"),","            xmlparser = new XML2JS();","","        xmlparser.on(\"end\", (function (result) {","            if (result.navMap && result.navMap.navPoint) {","                this.toc = this.walkNavMap(result.navMap.navPoint, path, id_list);","            }","","            this.emit(\"end\");","        }).bind(this));","","        xmlparser.on(\"error\", (function (err) {","            this.emit(\"error\", new Error(\"Parsing container XML failed\"));","            return;","        }).bind(this));","","        xmlparser.parseString(xml);","","    }).bind(this));","};","","/**"," *  EPub#walkNavMap(branch, path, id_list,[, level]) -> Array"," *  - branch (Array | Object): NCX NavPoint object"," *  - path (Array): Base path"," *  - id_list (Object): map of file paths and id values"," *  - level (Number): deepness"," *"," *  Walks the NavMap object through all levels and finds elements"," *  for TOC"," **/","EPub.prototype.walkNavMap = function (branch, path, id_list, level) {","    level = level || 0;","","    // don't go too far","    if (level > 7) {","        return [];","    }","","    var i, len, output = [], element, title, order, href;","","    if (!Array.isArray(branch)) {","        branch = [branch];","    }","","    for (i = 0, len = branch.length; i < len; i++) {","        if (branch[i].navLabel) {","","            title = (branch[i].navLabel && branch[i].navLabel.text || branch[i].navLabel || \"\").trim();","            order = Number(branch[i][\"@\"] && branch[i][\"@\"].playOrder || 0);","            href = (branch[i].content && branch[i].content[\"@\"] && branch[i].content[\"@\"].src || \"\").trim();","","            element = {","                level: level,","                order: order,","                title: title","            };","","            if (href) {","                href = path.concat([href]).join(\"/\");","                element.href = href;","","                if (id_list[element.href]) {","                    // link existing object","                    element = this.manifest[id_list[element.href]];","                    element.title = title;","                    element.order = order;","                    element.level = level;","                } else {","                    // use new one","                    element.href = href;","                    element.id =  (branch[i][\"@\"] && branch[i][\"@\"].id || \"\").trim();","                }","","                output.push(element);","            }","        }","        if (branch[i].navPoint) {","            output = output.concat(this.walkNavMap(branch[i].navPoint, path, id_list, level + 1));","        }","    }","    return output;","};","","/**"," *  EPub#getChapter(id, callback) -> undefined"," *  - id (String): Manifest id value for a chapter"," *  - callback (Function): callback function"," *"," *  Finds a chapter text for an id. Replaces image and link URL's, removes"," *  <head> etc. elements. Return only chapters with mime type application/xhtml+xml"," **/","EPub.prototype.getChapter = function (id, callback) {","    this.getChapterRaw(id, (function (err, str) {","        if (err) {","            callback(err);","            return;","        }","","        var i, len, path = this.rootFile.split(\"/\"), keys = Object.keys(this.manifest);","        path.pop();","","        // remove linebreaks (no multi line matches in JS regex!)","        str = str.replace(/\\r?\\n/g, \"\\u0000\");","","        // keep only <body> contents","        str.replace(/<body[^>]*?>(.*)<\\/body[^>]*?>/i, function (o, d) {","            str = d.trim();","        });","","        // remove <script> blocks if any","        str = str.replace(/<script[^>]*?>(.*?)<\\/script[^>]*?>/ig, function (o, s) {","            return \"\";","        });","","        // remove <style> blocks if any","        str = str.replace(/<style[^>]*?>(.*?)<\\/style[^>]*?>/ig, function (o, s) {","            return \"\";","        });","","        // remove onEvent handlers","        str = str.replace(/(\\s)(on\\w+)(\\s*=\\s*[\"']?[^\"'\\s>]*?[\"'\\s>])/g, function (o, a, b, c) {","            return a + \"skip-\" + b + c;","        });","","        // replace images","        str = str.replace(/(\\ssrc\\s*=\\s*[\"']?)([^\"'\\s>]*?)([\"'\\s>])/g, (function (o, a, b, c) {","            var img = path.concat([b]).join(\"/\").trim(),","                element;","","            for (i = 0, len = keys.length; i < len; i++) {","                if (this.manifest[keys[i]].href == img) {","                    element = this.manifest[keys[i]];","                    break;","                }","            }","","            // include only images from manifest","            if (element) {","                return a + this.imageroot + element.id + \"/\" + img + c;","            } else {","                return \"\";","            }","","        }).bind(this));","","        // replace links","        str = str.replace(/(\\shref\\s*=\\s*[\"']?)([^\"'\\s>]*?)([\"'\\s>])/g, (function (o, a, b, c) {","            var linkparts = b && b.split(\"#\"),","                link = path.concat([(linkparts.shift() || \"\")]).join(\"/\").trim(),","                element;","","            for (i = 0, len = keys.length; i < len; i++) {","                if (this.manifest[keys[i]].href.split(\"#\")[0] == link) {","                    element = this.manifest[keys[i]];","                    break;","                }","            }","","            if (linkparts.length) {","                link  +=  \"#\" + linkparts.join(\"#\");","            }","","            // include only images from manifest","            if (element) {","                return a + this.linkroot + element.id + \"/\" + link + c;","            } else {","                return a + b + c;","            }","","        }).bind(this));","","        // bring back linebreaks","        str = str.replace(/\\u0000/g, \"\\n\").trim();","","        callback(null, str);","    }).bind(this));","};","","","/**"," *  EPub#getChapterRaw(id, callback) -> undefined"," *  - id (String): Manifest id value for a chapter"," *  - callback (Function): callback function"," *"," *  Returns the raw chapter text for an id."," **/","EPub.prototype.getChapterRaw = function (id, callback) {","    if (this.manifest[id]) {","","        if (!(this.manifest[id]['media-type'] == \"application/xhtml+xml\" || this.manifest[id]['media-type'] == \"image/svg+xml\")) {","            return callback(new Error(\"Invalid mime type for chapter\"));","        }","","        this.zip.readFile(this.manifest[id].href, (function (err, data) {","            if (err) {","                callback(new Error(\"Reading archive failed\"));","                return;","            }","","            var str = data.toString(\"utf-8\");","","            callback(null, str);","","        }).bind(this));","    } else {","        callback(new Error(\"File not found\"));","    }","};","","","/**"," *  EPub#getImage(id, callback) -> undefined"," *  - id (String): Manifest id value for an image"," *  - callback (Function): callback function"," *"," *  Finds an image for an id. Returns the image as Buffer. Callback gets"," *  an error object, image buffer and image content-type."," *  Return only images with mime type image"," **/","EPub.prototype.getImage = function (id, callback) {","    if (this.manifest[id]) {","","        if ((this.manifest[id]['media-type'] || \"\").toLowerCase().trim().substr(0, 6)  !=  \"image/\") {","            return callback(new Error(\"Invalid mime type for image\"));","        }","","        this.getFile(id, callback);","    } else {","        callback(new Error(\"File not found\"));","    }","};","","","/**"," *  EPub#getFile(id, callback) -> undefined"," *  - id (String): Manifest id value for a file"," *  - callback (Function): callback function"," *"," *  Finds a file for an id. Returns the file as Buffer. Callback gets"," *  an error object, file contents buffer and file content-type."," **/","EPub.prototype.getFile = function (id, callback) {","    if (this.manifest[id]) {","","        this.zip.readFile(this.manifest[id].href, (function (err, data) {","            if (err) {","                callback(new Error(\"Reading archive failed\"));","                return;","            }","","            callback(null, data, this.manifest[id]['media-type']);","        }).bind(this));","    } else {","        callback(new Error(\"File not found\"));","    }","};","","","EPub.prototype.readFile = function(filename, options, callback_) {","    var callback = arguments[arguments.length - 1];","    ","    if (util.isFunction(options) || !options) {","        this.zip.readFile(filename, callback);","    } else if (util.isString(options)) {","        // options is an encoding","        this.zip.readFile(filename, function(err, data) {","            if (err) {","                callback(new Error('Reading archive failed'));","                return;","            }","            callback(null, data.toString(options));","        });","    } else {","        throw new TypeError('Bad arguments');","    }","};","","","// Expose to the world","module.exports = EPub;"],"l":{"1":1,"2":1,"3":1,"5":1,"7":1,"10":0,"12":0,"13":0,"14":0,"15":0,"17":0,"19":0,"20":0,"23":0,"55":1,"56":0,"57":0,"59":0,"60":0,"62":0,"63":0,"65":0,"66":0,"69":1,"76":1,"78":0,"79":0,"80":0,"82":0,"83":0,"84":0,"85":0,"86":0,"88":0,"97":1,"98":0,"99":0,"101":0,"102":0,"105":0,"106":0,"107":0,"110":0,"119":1,"120":0,"122":0,"123":0,"124":0,"125":0,"128":0,"129":0,"130":0,"132":0,"133":0,"134":0,"135":0,"137":0,"139":0,"140":0,"141":0,"144":0,"155":1,"156":0,"157":0,"158":0,"159":0,"160":0,"163":0,"164":0,"165":0,"168":0,"169":0,"170":0,"171":0,"173":0,"176":0,"178":0,"179":0,"180":0,"183":0,"186":0,"188":0,"189":0,"192":0,"193":0,"197":0,"198":0,"199":0,"200":0,"202":0,"205":0,"206":0,"207":0,"211":0,"212":0,"213":0,"214":0,"218":0,"219":0,"220":0,"223":0,"227":0,"228":0,"229":0,"232":0,"243":1,"245":0,"246":0,"247":0,"248":0,"250":0,"253":0,"255":0,"256":0,"257":0,"260":0,"271":1,"273":0,"275":0,"276":0,"277":0,"278":0,"279":0,"280":0,"282":0,"283":0,"285":0,"286":0,"288":0,"289":0,"292":0,"296":0,"297":0,"299":0,"308":1,"309":0,"311":0,"312":0,"313":0,"314":0,"315":0,"317":0,"318":0,"320":0,"322":0,"324":0,"325":0,"327":0,"329":0,"331":0,"332":0,"334":0,"336":0,"338":0,"339":0,"341":0,"343":0,"345":0,"346":0,"348":0,"350":0,"352":0,"353":0,"354":0,"356":0,"357":0,"359":0,"361":0,"362":0,"364":0,"366":0,"368":0,"369":0,"370":0,"371":0,"372":0,"373":0,"374":0,"375":0,"376":0,"377":0,"378":0,"383":0,"387":0,"388":0,"389":0,"390":0,"391":0,"392":0,"394":0,"395":0,"405":1,"406":0,"407":0,"408":0,"410":0,"411":0,"412":0,"413":0,"415":0,"416":0,"419":0,"431":1,"432":0,"433":0,"435":0,"436":0,"439":0,"440":0,"441":0,"443":0,"444":0,"445":0,"446":0,"451":0,"459":1,"460":0,"461":0,"463":0,"464":0,"465":0,"468":0,"469":0,"470":0,"471":0,"473":0,"476":0,"477":0,"478":0,"481":0,"484":0,"485":0,"486":0,"489":0,"504":1,"505":0,"508":0,"509":0,"512":0,"514":0,"515":0,"518":0,"519":0,"521":0,"522":0,"523":0,"525":0,"531":0,"532":0,"533":0,"535":0,"537":0,"538":0,"539":0,"540":0,"543":0,"544":0,"547":0,"550":0,"551":0,"554":0,"565":1,"566":0,"567":0,"568":0,"569":0,"572":0,"573":0,"576":0,"579":0,"580":0,"584":0,"585":0,"589":0,"590":0,"594":0,"595":0,"599":0,"600":0,"603":0,"604":0,"605":0,"606":0,"611":0,"612":0,"614":0,"620":0,"621":0,"625":0,"626":0,"627":0,"628":0,"632":0,"633":0,"637":0,"638":0,"640":0,"646":0,"648":0,"660":1,"661":0,"663":0,"664":0,"667":0,"668":0,"669":0,"670":0,"673":0,"675":0,"679":0,"693":1,"694":0,"696":0,"697":0,"700":0,"702":0,"715":1,"716":0,"718":0,"719":0,"720":0,"721":0,"724":0,"727":0,"732":1,"733":0,"735":0,"736":0,"737":0,"739":0,"740":0,"741":0,"742":0,"744":0,"747":0,"753":1}}}